15:52:48.829 From karate-config file 
15:52:49.219 [print] Basic YWRtaW46YWRtaW4=
15:52:50.204 request:
1 > POST http://10.1.0.63:8161/api/message?destination=queue%3A%2F%2Fsharath.input
1 > Accept-Encoding: gzip,deflate
1 > Authorization: Basic YWRtaW46YWRtaW4=
1 > Connection: Keep-Alive
1 > Content-Length: 27
1 > Content-Type: text/plain; charset=UTF-8
1 > Host: 10.1.0.63:8161
1 > User-Agent: Apache-HttpClient/4.5.12 (Java/1.8.0_251)
Hi, Karate - Welcome to JMS

15:52:50.469 response time in milliseconds: 261.04
1 < 200
1 < Content-Length: 12
1 < Date: Fri, 04 Jun 2021 10:22:50 GMT
1 < Expires: Thu, 01 Jan 1970 00:00:00 GMT
1 < Server: Jetty(9.4.39.v20210325)
1 < Set-Cookie: JSESSIONID=node060rl9fn6y3dl1jo3gwzzxy61r1.node0; Path=/api; HttpOnly
1 < X-Content-Type-Options: nosniff
1 < X-FRAME-OPTIONS: SAMEORIGIN
1 < X-XSS-Protection: 1; mode=block
1 < messageID: ID:DESKTOP-CML5OE6-50576-1622801996345-4:2:1:1:1

15:52:50.485 [print] {
  "JSESSIONID": {
    "name": "JSESSIONID",
    "value": "node060rl9fn6y3dl1jo3gwzzxy61r1.node0",
    "domain": "10.1.0.63",
    "path": "/api",
    "persistent": "false",
    "secure": "false"
  }
}

15:52:50.501 [print] {
  "name": "JSESSIONID",
  "value": "node060rl9fn6y3dl1jo3gwzzxy61r1.node0",
  "domain": "10.1.0.63",
  "path": "/api",
  "persistent": "false",
  "secure": "false"
}

15:52:51.626 request:
2 > GET http://10.1.0.63:8161/api/message/sharath.input?type=queue
2 > Accept: text/html,application/xhtml+xml,application/xml;q=0.9,image/avif,image/webp,image/apng,*/*;q=0.8,application/signed-exchange;v=b3;q=0.9
2 > Accept-Encoding: gzip, deflate
2 > Accept-Language: en-US,en;q=0.9
2 > Authorization: Basic YWRtaW46YWRtaW4=
2 > Cache-Control: max-age=0
2 > Connection: Keep-Alive
2 > Cookie: JSESSIONID=node060rl9fn6y3dl1jo3gwzzxy61r1.node0
2 > Host: 10.1.0.63:8161
2 > Upgrade-Insecure-Requests: 1
2 > User-Agent: Mozilla/5.0 (Windows NT 10.0; Win64; x64) AppleWebKit/537.36 (KHTML, like Gecko) Chrome/87.0.4280.88 Safari/537.36

15:52:51.735 response time in milliseconds: 102.52
2 < 200
2 < Cache-Control: no-cache, no-store, must-revalidate
2 < Content-Type: text/plain;charset=iso-8859-1
2 < Date: Fri, 04 Jun 2021 10:22:51 GMT
2 < Expires: Thu, 01 Jan 1970 00:00:00 GMT
2 < Pragma: no-cache
2 < Server: Jetty(9.4.39.v20210325)
2 < Transfer-Encoding: chunked
2 < X-Content-Type-Options: nosniff
2 < X-FRAME-OPTIONS: SAMEORIGIN
2 < X-XSS-Protection: 1; mode=block
2 < destination: queue://sharath.input
2 < id: ID:DESKTOP-CML5OE6-50576-1622801996345-4:2:1:1:1
Hi, Karate - Welcome to JMS


15:52:51.735 [print] string
15:52:51.735 [print] Hi, Karate - Welcome to JMS

15:52:51.751 after scenario inside config 
 5,
      "pantone_value": "17-1456"
    },
    {
      "color": "#53B0AE",
      "year": 2005,
      "name": "blue turquoise",
      "id": 6,
      "pantone_value": "15-5217"
    }
  ],
  "page": 1,
  "total_pages": 2,
  "support": {
    "text": "To keep ReqRes free, contributions towards server costs are appreciated!",
    "url": "https://reqres.in/#support-heading"
  }
}

15:21:37.468 after scenario inside config 
      "in_sync": true,
          "broker": 0
        }
      ]
    }
  ],
  "configs": {
    "compression.type": "producer",
    "confluent.value.schema.validation": "false",
    "leader.replication.throttled.replicas": "",
    "confluent.key.subject.name.strategy": "io.confluent.kafka.serializers.subject.TopicNameStrategy",
    "message.downconversion.enable": "true",
    "min.insync.replicas": "1",
    "segment.jitter.ms": "0",
    "cleanup.policy": "compact",
    "flush.ms": "9223372036854775807",
    "confluent.tier.local.hotset.ms": "86400000",
    "follower.replication.throttled.replicas": "",
    "confluent.tier.local.hotset.bytes": "-1",
    "confluent.value.subject.name.strategy": "io.confluent.kafka.serializers.subject.TopicNameStrategy",
    "segment.bytes": "1073741824",
    "retention.ms": "-1",
    "flush.messages": "9223372036854775807",
    "confluent.tier.enable": "false",
    "confluent.tier.segment.hotset.roll.min.bytes": "104857600",
    "confluent.segment.speculative.prefetch.enable": "false",
    "message.format.version": "2.6-IV0",
    "max.compaction.lag.ms": "9223372036854775807",
    "file.delete.delay.ms": "60000",
    "max.message.bytes": "1048588",
    "min.compaction.lag.ms": "0",
    "message.timestamp.type": "CreateTime",
    "preallocate": "false",
    "confluent.placement.constraints": "",
    "min.cleanable.dirty.ratio": "0.5",
    "index.interval.bytes": "4096",
    "unclean.leader.election.enable": "false",
    "retention.bytes": "-1",
    "delete.retention.ms": "86400000",
    "confluent.prefer.tier.fetch.ms": "-1",
    "confluent.key.schema.validation": "false",
    "segment.ms": "604800000",
    "message.timestamp.difference.max.ms": "9223372036854775807",
    "segment.index.bytes": "10485760"
  },
  "name": "_confluent_balancer_api_state"
}

14:38:31.812 skipping bootstrap configuration: could not find or read file: classpath:karate-config.js
14:38:31.827 request:
1 > GET http://10.0.0.60:8082/topics/rest123
1 > Accept-Encoding: gzip,deflate
1 > Connection: Keep-Alive
1 > Host: 10.0.0.60:8082
1 > User-Agent: Apache-HttpClient/4.5.12 (Java/1.8.0_251)

14:38:31.874 response time in milliseconds: 54.49
1 < 404
1 < Content-Length: 80
1 < Content-Type: application/vnd.kafka.v2+json
1 < Date: Fri, 04 Jun 2021 09:09:05 GMT
{"error_code":40403,"message":"This server does not host this topic-partition."}

14:38:31.874 [print] {
  "error_code": 40403,
  "message": "This server does not host this topic-partition."
}

s:key name="isTimeCursored">0</s:key>
        <s:key name="isZombie">0</s:key>
        <s:key name="is_prjob">0</s:key>
        <s:key name="keywords"></s:key>
        <s:key name="label">Bucket Copy Trigger</s:key>
        <s:key name="latestTime">2021-06-03T18:17:00.000+05:30</s:key>
        <s:key name="normalizedSearch"></s:key>
        <s:key name="numPreviews">0</s:key>
        <s:key name="optimizedSearch">| archivebuckets</s:key>
        <s:key name="phase0"></s:key>
        <s:key name="phase1">archivebuckets  | timeliner  remote=0 partial_commits=0 max_events_per_bucket=500000 fieldstats_update_maxperiod=60 bucket=0</s:key>
        <s:key name="pid">15263</s:key>
        <s:key name="priority">5</s:key>
        <s:key name="provenance">scheduler</s:key>
        <s:key name="remoteSearch"></s:key>
        <s:key name="reportSearch"></s:key>
        <s:key name="resultCount">0</s:key>
        <s:key name="resultIsStreaming">1</s:key>
        <s:key name="resultPreviewCount">0</s:key>
        <s:key name="runDuration">3.035</s:key>
        <s:key name="sampleRatio">1</s:key>
        <s:key name="sampleSeed">0</s:key>
        <s:key name="savedSearchLabel">{"owner":"nobody","app":"splunk_archiver","sharing":"app"}</s:key>
        <s:key name="scanCount">0</s:key>
        <s:key name="search">| archivebuckets</s:key>
        <s:key name="searchCanBeEventType">0</s:key>
        <s:key name="searchLatestTime">1622724420.000000000</s:key>
        <s:key name="searchTotalBucketsCount">0</s:key>
        <s:key name="searchTotalEliminatedBucketsCount">0</s:key>
        <s:key name="sid">scheduler__nobody_c3BsdW5rX2FyY2hpdmVy__RMD5473cbac83d6c9db7_at_1622724420_1</s:key>
        <s:key name="statusBuckets">0</s:key>
        <s:key name="ttl">6754</s:key>
        <s:key name="workload_action_information"></s:key>
        <s:key name="workload_pool"></s:key>
        <s:key name="performance">
          <s:dict>
            <s:key name="command.archivebuckets">
              <s:dict>
                <s:key name="duration_secs">2.863</s:key>
                <s:key name="invocations">1</s:key>
                <s:key name="input_count">0</s:key>
                <s:key name="output_count">0</s:key>
              </s:dict>
            </s:key>
            <s:key name="command.timeliner">
              <s:dict>
                <s:key name="invocations">1</s:key>
                <s:key name="input_count">0</s:key>
                <s:key name="output_count">0</s:key>
              </s:dict>
            </s:key>
            <s:key name="dispatch.createdSearchResultInfrastructure">
              <s:dict>
                <s:key name="duration_secs">0.007</s:key>
                <s:key name="invocations">1</s:key>
              </s:dict>
            </s:key>
            <s:key name="dispatch.evaluate.archivebuckets">
              <s:dict>
                <s:key name="duration_secs">0.001</s:key>
                <s:key name="invocations">2</s:key>
              </s:dict>
            </s:key>
            <s:key name="dispatch.finalWriteToDisk">
              <s:dict>
                <s:key name="invocations">1</s:key>
              </s:dict>
            </s:key>
            <s:key name="dispatch.readEventsInResults">
              <s:dict>
                <s:key name="invocations">1</s:key>
              </s:dict>
            </s:key>
            <s:key name="dispatch.timeline">
              <s:dict>
                <s:key name="invocations">1</s:key>
              </s:dict>
            </s:key>
            <s:key name="dispatch.writeStatus">
              <s:dict>
                <s:key name="duration_secs">0.006</s:key>
                <s:key name="invocations">6</s:key>
              </s:dict>
            </s:key>
            <s:key name="startup.configuration">
              <s:dict>
                <s:key name="duration_secs">0.077</s:key>
                <s:key name="invocations">2</s:key>
              </s:dict>
            </s:key>
            <s:key name="startup.handoff">
              <s:dict>
                <s:key name="duration_secs">0.326</s:key>
                <s:key name="invocations">2</s:key>
              </s:dict>
            </s:key>
          </s:dict>
        </s:key>
        <s:key name="messages">
          <s:dict/>
        </s:key>
        <s:key name="request">
          <s:dict>
            <s:key name="allow_partial_results">1</s:key>
            <s:key name="auto_cancel">0</s:key>
            <s:key name="auto_pause">0</s:key>
            <s:key name="buckets">0</s:key>
            <s:key name="earliest_time"></s:key>
            <s:key name="index_earliest"></s:key>
            <s:key name="index_latest"></s:key>
            <s:key name="indexedRealtime"></s:key>
            <s:key name="indexedRealtimeMinSpan"></s:key>
            <s:key name="indexedRealtimeOffset"></s:key>
            <s:key name="latest_time">now</s:key>
            <s:key name="lookups">1</s:key>
            <s:key name="max_count">500000</s:key>
            <s:key name="max_time">0</s:key>
            <s:key name="reduce_freq">10</s:key>
            <s:key name="rt_backfill">0</s:key>
            <s:key name="rt_maximum_span"></s:key>
            <s:key name="sample_ratio">1</s:key>
            <s:key name="spawn_process">1</s:key>
            <s:key name="time_format">%FT%T.%Q%:z</s:key>
            <s:key name="ui_dispatch_app"></s:key>
            <s:key name="ui_dispatch_view"></s:key>
          </s:dict>
        </s:key>
        <s:key name="eai:acl">
          <s:dict>
            <s:key name="perms">
              <s:dict>
                <s:key name="read">
                  <s:list>
                    <s:item>*</s:item>
                    <s:item>splunk-system-user</s:item>
                  </s:list>
                </s:key>
                <s:key name="write">
                  <s:list>
                    <s:item>*</s:item>
                    <s:item>splunk-system-user</s:item>
                  </s:list>
                </s:key>
              </s:dict>
            </s:key>
            <s:key name="owner">splunk-system-user</s:key>
            <s:key name="modifiable">1</s:key>
            <s:key name="sharing">global</s:key>
            <s:key name="app">splunk_archiver</s:key>
            <s:key name="can_write">1</s:key>
            <s:key name="ttl">7200</s:key>
          </s:dict>
        </s:key>
        <s:key name="searchProviders">
          <s:list/>
        </s:key>
      </s:dict>
    </content>
  </entry>
</feed>


18:23:57.404 [print] <!--This is to override browser formatting; see server.conf[httpServer] to disable. . . . . . . . . . . . . . . . . . . . . . . . . . . . . . . . . . . . . . . . . . . . . . . . . . . . . . . . . . . . . . . . . . . . . . . . . . . . . . . . . . . . . . . . . . . . . . . . . . . . . . . . . . . . . . . . . . . . . . . . . . . . . . . . . . . . . . . . . . . . . . . . . . . . . . . . . . . . . . . . . . . . . . . . . . . . . . . . . . . . . . . . . . . . . . . . . . . . . . . . . . . . . . . . . . . . . . . . . . . . . . . . . . . . . . . . . . . . . . . . . . . . . . . . . . . . . . . . . . . . . . . . . . . . . . . . . . . . . . . . . . . . . . . . . . . . . . . . . . . . . . . . . . . . . . . . . . . . . . . . . . . . . . . . . . . . . . . . . . . . . . . . . . . . . . . . . . . . . . . . . . . . . . . . . . . . . . . . . . . . . . . . . . . . . . . . . . . . . . . . . . . . . . . . . . . . . . . . . . . . . . . . . . . . . . . . . . . . . . . . . . . . . . . . . . . . . . . . . . . . . . . . . . . . . . . . .--><?xml-stylesheet type="text/xml" href="/static/atom.xsl"?><feed xmlns="http://www.w3.org/2005/Atom" xmlns:opensearch="http://a9.com/-/spec/opensearch/1.1/" xmlns:s="http://dev.splunk.com/ns/rest">
  <title>jobs</title>
  <id>https://10.0.0.60:8089/services/search/jobs</id>
  <updated>2021-06-03T18:24:30+05:30</updated>
  <generator build="e053ef3c985f" version="8.2.0"/>
  <author>
    <name>Splunk</name>
  </author>
  <opensearch:totalResults>1</opensearch:totalResults>
  <opensearch:itemsPerPage>0</opensearch:itemsPerPage>
  <opensearch:startIndex>0</opensearch:startIndex>
  <entry>
    <title>| archivebuckets</title>
    <id>https://10.0.0.60:8089/services/search/jobs/scheduler__nobody_c3BsdW5rX2FyY2hpdmVy__RMD5473cbac83d6c9db7_at_1622724420_1</id>
    <updated>2021-06-03T18:17:04.413+05:30</updated>
    <link href="/services/search/jobs/scheduler__nobody_c3BsdW5rX2FyY2hpdmVy__RMD5473cbac83d6c9db7_at_1622724420_1" rel="alternate"/>
    <published>2021-06-03T18:17:01.000+05:30</published>
    <link href="/services/search/jobs/scheduler__nobody_c3BsdW5rX2FyY2hpdmVy__RMD5473cbac83d6c9db7_at_1622724420_1/search.log" rel="search.log"/>
    <link href="/services/search/jobs/scheduler__nobody_c3BsdW5rX2FyY2hpdmVy__RMD5473cbac83d6c9db7_at_1622724420_1/search_telemetry.json" rel="search_telemetry.json"/>
    <link href="/services/search/jobs/scheduler__nobody_c3BsdW5rX2FyY2hpdmVy__RMD5473cbac83d6c9db7_at_1622724420_1/events" rel="events"/>
    <link href="/services/search/jobs/scheduler__nobody_c3BsdW5rX2FyY2hpdmVy__RMD5473cbac83d6c9db7_at_1622724420_1/results" rel="results"/>
    <link href="/services/search/jobs/scheduler__nobody_c3BsdW5rX2FyY2hpdmVy__RMD5473cbac83d6c9db7_at_1622724420_1/results_preview" rel="results_preview"/>
    <link href="/services/search/jobs/scheduler__nobody_c3BsdW5rX2FyY2hpdmVy__RMD5473cbac83d6c9db7_at_1622724420_1/timeline" rel="timeline"/>
    <link href="/services/search/jobs/scheduler__nobody_c3BsdW5rX2FyY2hpdmVy__RMD5473cbac83d6c9db7_at_1622724420_1/summary" rel="summary"/>
    <link href="/services/search/jobs/scheduler__nobody_c3BsdW5rX2FyY2hpdmVy__RMD5473cbac83d6c9db7_at_1622724420_1/control" rel="control"/>
    <author>
      <name>splunk-system-user</name>
    </author>
    <content type="text/xml">
      <s:dict>
        <s:key name="canSummarize">0</s:key>
        <s:key name="cursorTime">1970-01-01T05:30:00.000+05:30</s:key>
        <s:key name="defaultSaveTTL">604800</s:key>
        <s:key name="defaultTTL">600</s:key>
        <s:key name="delegate">scheduler</s:key>
        <s:key name="diskUsage">57344</s:key>
        <s:key name="dispatchState">DONE</s:key>
        <s:key name="doneProgress">1.00000</s:key>
        <s:key name="dropCount">0</s:key>
        <s:key name="earliestTime">1970-01-01T05:30:00.000+05:30</s:key>
        <s:key name="eventAvailableCount">0</s:key>
        <s:key name="eventCount">0</s:key>
        <s:key name="eventFieldCount">0</s:key>
        <s:key name="eventIsStreaming">1</s:key>
        <s:key name="eventIsTruncated">0</s:key>
        <s:key name="eventSearch">archivebuckets</s:key>
        <s:key name="eventSorting">none</s:key>
        <s:key name="isBatchModeSearch">0</s:key>
        <s:key name="isDone">1</s:key>
        <s:key name="isEventsPreviewEnabled">0</s:key>
        <s:key name="isFailed">0</s:key>
        <s:key name="isFinalized">0</s:key>
        <s:key name="isPaused">0</s:key>
        <s:key name="isPreviewEnabled">0</s:key>
        <s:key name="isRealTimeSearch">0</s:key>
        <s:key name="isRemoteTimeline">0</s:key>
        <s:key name="isSaved">0</s:key>
        <s:key name="isSavedSearch">1</s:key>
        <s:key name="isTimeCursored">0</s:key>
        <s:key name="isZombie">0</s:key>
        <s:key name="is_prjob">0</s:key>
        <s:key name="keywords"/>
        <s:key name="label">Bucket Copy Trigger</s:key>
        <s:key name="latestTime">2021-06-03T18:17:00.000+05:30</s:key>
        <s:key name="normalizedSearch"/>
        <s:key name="numPreviews">0</s:key>
        <s:key name="optimizedSearch">| archivebuckets</s:key>
        <s:key name="phase0"/>
        <s:key name="phase1">archivebuckets  | timeliner  remote=0 partial_commits=0 max_events_per_bucket=500000 fieldstats_update_maxperiod=60 bucket=0</s:key>
        <s:key name="pid">15263</s:key>
        <s:key name="priority">5</s:key>
        <s:key name="provenance">scheduler</s:key>
        <s:key name="remoteSearch"/>
        <s:key name="reportSearch"/>
        <s:key name="resultCount">0</s:key>
        <s:key name="resultIsStreaming">1</s:key>
        <s:key name="resultPreviewCount">0</s:key>
        <s:key name="runDuration">3.035</s:key>
        <s:key name="sampleRatio">1</s:key>
        <s:key name="sampleSeed">0</s:key>
        <s:key name="savedSearchLabel">{"owner":"nobody","app":"splunk_archiver","sharing":"app"}</s:key>
        <s:key name="scanCount">0</s:key>
        <s:key name="search">| archivebuckets</s:key>
        <s:key name="searchCanBeEventType">0</s:key>
        <s:key name="searchLatestTime">1622724420.000000000</s:key>
        <s:key name="searchTotalBucketsCount">0</s:key>
        <s:key name="searchTotalEliminatedBucketsCount">0</s:key>
        <s:key name="sid">scheduler__nobody_c3BsdW5rX2FyY2hpdmVy__RMD5473cbac83d6c9db7_at_1622724420_1</s:key>
        <s:key name="statusBuckets">0</s:key>
        <s:key name="ttl">6754</s:key>
        <s:key name="workload_action_information"/>
        <s:key name="workload_pool"/>
        <s:key name="performance">
          <s:dict>
            <s:key name="command.archivebuckets">
              <s:dict>
                <s:key name="duration_secs">2.863</s:key>
                <s:key name="invocations">1</s:key>
                <s:key name="input_count">0</s:key>
                <s:key name="output_count">0</s:key>
              </s:dict>
            </s:key>
            <s:key name="command.timeliner">
              <s:dict>
                <s:key name="invocations">1</s:key>
                <s:key name="input_count">0</s:key>
                <s:key name="output_count">0</s:key>
              </s:dict>
            </s:key>
            <s:key name="dispatch.createdSearchResultInfrastructure">
              <s:dict>
                <s:key name="duration_secs">0.007</s:key>
                <s:key name="invocations">1</s:key>
              </s:dict>
            </s:key>
            <s:key name="dispatch.evaluate.archivebuckets">
              <s:dict>
                <s:key name="duration_secs">0.001</s:key>
                <s:key name="invocations">2</s:key>
              </s:dict>
            </s:key>
            <s:key name="dispatch.finalWriteToDisk">
              <s:dict>
                <s:key name="invocations">1</s:key>
              </s:dict>
            </s:key>
            <s:key name="dispatch.readEventsInResults">
              <s:dict>
                <s:key name="invocations">1</s:key>
              </s:dict>
            </s:key>
            <s:key name="dispatch.timeline">
              <s:dict>
                <s:key name="invocations">1</s:key>
              </s:dict>
            </s:key>
            <s:key name="dispatch.writeStatus">
              <s:dict>
                <s:key name="duration_secs">0.006</s:key>
                <s:key name="invocations">6</s:key>
              </s:dict>
            </s:key>
            <s:key name="startup.configuration">
              <s:dict>
                <s:key name="duration_secs">0.077</s:key>
                <s:key name="invocations">2</s:key>
              </s:dict>
            </s:key>
            <s:key name="startup.handoff">
              <s:dict>
                <s:key name="duration_secs">0.326</s:key>
                <s:key name="invocations">2</s:key>
              </s:dict>
            </s:key>
          </s:dict>
        </s:key>
        <s:key name="messages">
          <s:dict/>
        </s:key>
        <s:key name="request">
          <s:dict>
            <s:key name="allow_partial_results">1</s:key>
            <s:key name="auto_cancel">0</s:key>
            <s:key name="auto_pause">0</s:key>
            <s:key name="buckets">0</s:key>
            <s:key name="earliest_time"/>
            <s:key name="index_earliest"/>
            <s:key name="index_latest"/>
            <s:key name="indexedRealtime"/>
            <s:key name="indexedRealtimeMinSpan"/>
            <s:key name="indexedRealtimeOffset"/>
            <s:key name="latest_time">now</s:key>
            <s:key name="lookups">1</s:key>
            <s:key name="max_count">500000</s:key>
            <s:key name="max_time">0</s:key>
            <s:key name="reduce_freq">10</s:key>
            <s:key name="rt_backfill">0</s:key>
            <s:key name="rt_maximum_span"/>
            <s:key name="sample_ratio">1</s:key>
            <s:key name="spawn_process">1</s:key>
            <s:key name="time_format">%FT%T.%Q%:z</s:key>
            <s:key name="ui_dispatch_app"/>
            <s:key name="ui_dispatch_view"/>
          </s:dict>
        </s:key>
        <s:key name="eai:acl">
          <s:dict>
            <s:key name="perms">
              <s:dict>
                <s:key name="read">
                  <s:list>
                    <s:item>*</s:item>
                    <s:item>splunk-system-user</s:item>
                  </s:list>
                </s:key>
                <s:key name="write">
                  <s:list>
                    <s:item>*</s:item>
                    <s:item>splunk-system-user</s:item>
                  </s:list>
                </s:key>
              </s:dict>
            </s:key>
            <s:key name="owner">splunk-system-user</s:key>
            <s:key name="modifiable">1</s:key>
            <s:key name="sharing">global</s:key>
            <s:key name="app">splunk_archiver</s:key>
            <s:key name="can_write">1</s:key>
            <s:key name="ttl">7200</s:key>
          </s:dict>
        </s:key>
        <s:key name="searchProviders">
          <s:list/>
        </s:key>
      </s:dict>
    </content>
  </entry>
</feed>

18:23:57.404 [print] xml
18:23:57.466 skipping bootstrap configuration: could not find or read file: classpath:karate-config.js
18:23:57.482 [print] Basic cGFsbWV0b2FkbWluOlBAbG1ldG9AMTIz
18:23:57.513 request:
1 > GET https://10.0.0.60:8089/services/alerts/alert_actions
1 > Accept-Encoding: gzip,deflate
1 > Authorization: Basic cGFsbWV0b2FkbWluOlBAbG1ldG9AMTIz
1 > Connection: Keep-Alive
1 > Host: 10.0.0.60:8089
1 > User-Agent: Apache-HttpClient/4.5.12 (Java/1.8.0_251)

18:23:57.638 response time in milliseconds: 97.74
1 < 200
1 < Cache-Control: no-store, no-cache, must-revalidate, max-age=0
1 < Connection: Keep-Alive
1 < Content-Type: text/xml; charset=UTF-8
1 < Date: Thu, 03 Jun 2021 12:54:30 GMT
1 < Expires: Thu, 26 Oct 1978 00:00:00 GMT
1 < Server: Splunkd
1 < Vary: Accept-Encoding, Cookie, Authorization
1 < X-Content-Type-Options: nosniff
1 < X-Frame-Options: SAMEORIGIN
<?xml version="1.0" encoding="UTF-8"?>
<!--This is to override browser formatting; see server.conf[httpServer] to disable. . . . . . . . . . . . . . . . . . . . . . . . . . . . . . . . . . . . . . . . . . . . . . . . . . . . . . . . . . . . . . . . . . . . . . . . . . . . . . . . . . . . . . . . . . . . . . . . . . . . . . . . . . . . . . . . . . . . . . . . . . . . . . . . . . . . . . . . . . . . . . . . . . . . . . . . . . . . . . . . . . . . . . . . . . . . . . . . . . . . . . . . . . . . . . . . . . . . . . . . . . . . . . . . . . . . . . . . . . . . . . . . . . . . . . . . . . . . . . . . . . . . . . . . . . . . . . . . . . . . . . . . . . . . . . . . . . . . . . . . . . . . . . . . . . . . . . . . . . . . . . . . . . . . . . . . . . . . . . . . . . . . . . . . . . . . . . . . . . . . . . . . . . . . . . . . . . . . . . . . . . . . . . . . . . . . . . . . . . . . . . . . . . . . . . . . . . . . . . . . . . . . . . . . . . . . . . . . . . . . . . . . . . . . . . . . . . . . . . . . . . . . . . . . . . . . . . . . . . . . . . . . . . . . . . . . .-->
<?xml-stylesheet type="text/xml" href="/static/atom.xsl"?>
<feed xmlns="http://www.w3.org/2005/Atom" xmlns:s="http://dev.splunk.com/ns/rest" xmlns:opensearch="http://a9.com/-/spec/opensearch/1.1/">
  <title>alert_actions</title>
  <id>https://10.0.0.60:8089/services/alerts/alert_actions</id>
  <updated>2021-06-03T18:24:30+05:30</updated>
  <generator build="e053ef3c985f" version="8.2.0"/>
  <author>
    <name>Splunk</name>
  </author>
  <link href="/services/alerts/alert_actions/_reload" rel="_reload"/>
  <link href="/services/alerts/alert_actions/_acl" rel="_acl"/>
  <opensearch:totalResults>11</opensearch:totalResults>
  <opensearch:itemsPerPage>30</opensearch:itemsPerPage>
  <opensearch:startIndex>0</opensearch:startIndex>
  <s:messages/>
  <entry>
    <title>email</title>
    <id>https://10.0.0.60:8089/servicesNS/nobody/system/alerts/alert_actions/email</id>
    <updated>1970-01-01T05:30:00+05:30</updated>
    <link href="/servicesNS/nobody/system/alerts/alert_actions/email" rel="alternate"/>
    <author>
      <name>nobody</name>
    </author>
    <link href="/servicesNS/nobody/system/alerts/alert_actions/email" rel="list"/>
    <link href="/servicesNS/nobody/system/alerts/alert_actions/email/_reload" rel="_reload"/>
    <link href="/servicesNS/nobody/system/alerts/alert_actions/email" rel="edit"/>
    <link href="/servicesNS/nobody/system/alerts/alert_actions/email/disable" rel="disable"/>
    <content type="text/xml">
      <s:dict>
        <s:key name="allow_empty_attachment">1</s:key>
        <s:key name="allowedDomainList"></s:key>
        <s:key name="auth_password"></s:key>
        <s:key name="auth_username"></s:key>
        <s:key name="bcc"></s:key>
        <s:key name="cc"></s:key>
        <s:key name="cipherSuite">ECDHE-ECDSA-AES256-GCM-SHA384:ECDHE-RSA-AES256-GCM-SHA384:ECDHE-ECDSA-AES128-GCM-SHA256:ECDHE-RSA-AES128-GCM-SHA256:ECDHE-ECDSA-AES256-SHA384:ECDHE-RSA-AES256-SHA384:ECDHE-ECDSA-AES128-SHA256:ECDHE-RSA-AES128-SHA256</s:key>
        <s:key name="command"><![CDATA[$action.email.preprocess_results{default=""}$ | sendemail "results_link=$results.url$" "ssname=$name$" "graceful=$graceful{default=True}$" "trigger_time=$trigger_time$" maxinputs="$action.email.maxresults{default=10000}$" maxtime="$action.email.maxtime{default=5m}$" results_file="$results.file$"]]></s:key>
        <s:key name="content_type">html</s:key>
        <s:key name="description">Send an email notification to specified recipients</s:key>
        <s:key name="disabled">0</s:key>
        <s:key name="eai:acl">
          <s:dict>
            <s:key name="app">system</s:key>
            <s:key name="can_change_perms">1</s:key>
            <s:key name="can_list">1</s:key>
            <s:key name="can_share_app">1</s:key>
            <s:key name="can_share_global">1</s:key>
            <s:key name="can_share_user">0</s:key>
            <s:key name="can_write">1</s:key>
            <s:key name="modifiable">1</s:key>
            <s:key name="owner">nobody</s:key>
            <s:key name="perms">
              <s:dict>
                <s:key name="read">
                  <s:list>
                    <s:item>*</s:item>
                  </s:list>
                </s:key>
                <s:key name="write">
                  <s:list>
                    <s:item>admin</s:item>
                  </s:list>
                </s:key>
              </s:dict>
            </s:key>
            <s:key name="removable">0</s:key>
            <s:key name="sharing">system</s:key>
          </s:dict>
        </s:key>
        <s:key name="eai:appName">search</s:key>
        <s:key name="eai:userName">nobody</s:key>
        <s:key name="footer.text">If you believe you've received this email in error, please see your Splunk administrator.

splunk &gt; the engine for machine data</s:key>
        <s:key name="forceCsvResults">auto</s:key>
        <s:key name="format">table</s:key>
        <s:key name="from">splunk</s:key>
        <s:key name="hostname"></s:key>
        <s:key name="icon_path">mod_alert_icon_email.png</s:key>
        <s:key name="include.results_link">1</s:key>
        <s:key name="include.search">0</s:key>
        <s:key name="include.trigger">0</s:key>
        <s:key name="include.trigger_time">0</s:key>
        <s:key name="include.view_link">1</s:key>
        <s:key name="inline">0</s:key>
        <s:key name="label">Send email</s:key>
        <s:key name="mailserver">localhost</s:key>
        <s:key name="maxresults">10000</s:key>
        <s:key name="maxtime">5m</s:key>
        <s:key name="message.alert">The alert condition for '$name$' was triggered.</s:key>
        <s:key name="message.report">The scheduled report '$name$' has run.</s:key>
        <s:key name="pdf.footer_center">title</s:key>
        <s:key name="pdf.footer_enabled">1</s:key>
        <s:key name="pdf.footer_left">logo</s:key>
        <s:key name="pdf.footer_right">timestamp,pagination</s:key>
        <s:key name="pdf.header_center">description</s:key>
        <s:key name="pdf.header_enabled">1</s:key>
        <s:key name="pdf.html_image_rendering">1</s:key>
        <s:key name="pdfview"></s:key>
        <s:key name="preprocess_results"></s:key>
        <s:key name="priority">3</s:key>
        <s:key name="reportCIDFontList">gb cns jp kor</s:key>
        <s:key name="reportFileName">$name$-$time:%Y-%m-%d$</s:key>
        <s:key name="reportIncludeSplunkLogo">1</s:key>
        <s:key name="reportPaperOrientation">portrait</s:key>
        <s:key name="reportPaperSize">letter</s:key>
        <s:key name="sendcsv">0</s:key>
        <s:key name="sendpdf">0</s:key>
        <s:key name="sendresults">0</s:key>
        <s:key name="sslVersions">tls1.2</s:key>
        <s:key name="subject">Splunk Alert: $name$</s:key>
        <s:key name="subject.alert">Splunk Alert: $name$</s:key>
        <s:key name="subject.report">Splunk Report: $name$</s:key>
        <s:key name="to"></s:key>
        <s:key name="track_alert">1</s:key>
        <s:key name="ttl">86400</s:key>
        <s:key name="useNSSubject">0</s:key>
        <s:key name="use_ssl">0</s:key>
        <s:key name="use_tls">0</s:key>
        <s:key name="width_sort_columns">1</s:key>
      </s:dict>
    </content>
  </entry>
  <entry>
    <title>logevent</title>
    <id>https://10.0.0.60:8089/servicesNS/nobody/alert_logevent/alerts/alert_actions/logevent</id>
    <updated>1970-01-01T05:30:00+05:30</updated>
    <link href="/servicesNS/nobody/alert_logevent/alerts/alert_actions/logevent" rel="alternate"/>
    <author>
      <name>nobody</name>
    </author>
    <link href="/servicesNS/nobody/alert_logevent/alerts/alert_actions/logevent" rel="list"/>
    <link href="/servicesNS/nobody/alert_logevent/alerts/alert_actions/logevent/_reload" rel="_reload"/>
    <link href="/servicesNS/nobody/alert_logevent/alerts/alert_actions/logevent" rel="edit"/>
    <link href="/servicesNS/nobody/alert_logevent/alerts/alert_actions/logevent/disable" rel="disable"/>
    <content type="text/xml">
      <s:dict>
        <s:key name="command">sendalert $action_name$ results_file="$results.file$" results_link="$results.url$"</s:key>
        <s:key name="description">Send log event to Splunk receiver endpoint</s:key>
        <s:key name="disabled">0</s:key>
        <s:key name="eai:acl">
          <s:dict>
            <s:key name="app">alert_logevent</s:key>
            <s:key name="can_change_perms">1</s:key>
            <s:key name="can_list">1</s:key>
            <s:key name="can_share_app">1</s:key>
            <s:key name="can_share_global">1</s:key>
            <s:key name="can_share_user">0</s:key>
            <s:key name="can_write">1</s:key>
            <s:key name="modifiable">1</s:key>
            <s:key name="owner">nobody</s:key>
            <s:key name="perms">
              <s:dict>
                <s:key name="read">
                  <s:list>
                    <s:item>*</s:item>
                  </s:list>
                </s:key>
                <s:key name="write">
                  <s:list>
                    <s:item>admin</s:item>
                    <s:item>power</s:item>
                  </s:list>
                </s:key>
              </s:dict>
            </s:key>
            <s:key name="removable">0</s:key>
            <s:key name="sharing">global</s:key>
          </s:dict>
        </s:key>
        <s:key name="eai:appName">search</s:key>
        <s:key name="eai:userName">nobody</s:key>
        <s:key name="forceCsvResults">auto</s:key>
        <s:key name="hostname"></s:key>
        <s:key name="icon_path">logevent.png</s:key>
        <s:key name="is_custom">1</s:key>
        <s:key name="label">Log Event</s:key>
        <s:key name="maxresults">10000</s:key>
        <s:key name="maxtime">5m</s:key>
        <s:key name="param.host"></s:key>
        <s:key name="param.index">main</s:key>
        <s:key name="param.source">alert:$name$</s:key>
        <s:key name="param.sourcetype">generic_single_line</s:key>
        <s:key name="payload_format">json</s:key>
        <s:key name="python.version">python3</s:key>
        <s:key name="track_alert">0</s:key>
        <s:key name="ttl">10p</s:key>
      </s:dict>
    </content>
  </entry>
  <entry>
    <title>lookup</title>
    <id>https://10.0.0.60:8089/servicesNS/nobody/system/alerts/alert_actions/lookup</id>
    <updated>1970-01-01T05:30:00+05:30</updated>
    <link href="/servicesNS/nobody/system/alerts/alert_actions/lookup" rel="alternate"/>
    <author>
      <name>nobody</name>
    </author>
    <link href="/servicesNS/nobody/system/alerts/alert_actions/lookup" rel="list"/>
    <link href="/servicesNS/nobody/system/alerts/alert_actions/lookup/_reload" rel="_reload"/>
    <link href="/servicesNS/nobody/system/alerts/alert_actions/lookup" rel="edit"/>
    <link href="/servicesNS/nobody/system/alerts/alert_actions/lookup/disable" rel="disable"/>
    <content type="text/xml">
      <s:dict>
        <s:key name="append">0</s:key>
        <s:key name="command">outputlookup "$action.lookup.filename$" append=$action.lookup.append$</s:key>
        <s:key name="description">Output the results of the search to a CSV lookup file</s:key>
        <s:key name="disabled">0</s:key>
        <s:key name="eai:acl">
          <s:dict>
            <s:key name="app">system</s:key>
            <s:key name="can_change_perms">1</s:key>
            <s:key name="can_list">1</s:key>
            <s:key name="can_share_app">1</s:key>
            <s:key name="can_share_global">1</s:key>
            <s:key name="can_share_user">0</s:key>
            <s:key name="can_write">1</s:key>
            <s:key name="modifiable">1</s:key>
            <s:key name="owner">nobody</s:key>
            <s:key name="perms">
              <s:dict>
                <s:key name="read">
                  <s:list>
                    <s:item>*</s:item>
                  </s:list>
                </s:key>
                <s:key name="write">
                  <s:list>
                    <s:item>admin</s:item>
                  </s:list>
                </s:key>
              </s:dict>
            </s:key>
            <s:key name="removable">0</s:key>
            <s:key name="sharing">system</s:key>
          </s:dict>
        </s:key>
        <s:key name="eai:appName">search</s:key>
        <s:key name="eai:userName">nobody</s:key>
        <s:key name="filename"></s:key>
        <s:key name="forceCsvResults">auto</s:key>
        <s:key name="hostname"></s:key>
        <s:key name="icon_path">mod_alert_icon_lookup.png</s:key>
        <s:key name="label">Output results to lookup</s:key>
        <s:key name="maxresults">10000</s:key>
        <s:key name="maxtime">5m</s:key>
        <s:key name="track_alert">0</s:key>
        <s:key name="ttl">10p</s:key>
      </s:dict>
    </content>
  </entry>
  <entry>
    <title>outputtelemetry</title>
    <id>https://10.0.0.60:8089/servicesNS/nobody/splunk_instrumentation/alerts/alert_actions/outputtelemetry</id>
    <updated>1970-01-01T05:30:00+05:30</updated>
    <link href="/servicesNS/nobody/splunk_instrumentation/alerts/alert_actions/outputtelemetry" rel="alternate"/>
    <author>
      <name>nobody</name>
    </author>
    <link href="/servicesNS/nobody/splunk_instrumentation/alerts/alert_actions/outputtelemetry" rel="list"/>
    <link href="/servicesNS/nobody/splunk_instrumentation/alerts/alert_actions/outputtelemetry/_reload" rel="_reload"/>
    <link href="/servicesNS/nobody/splunk_instrumentation/alerts/alert_actions/outputtelemetry" rel="edit"/>
    <link href="/servicesNS/nobody/splunk_instrumentation/alerts/alert_actions/outputtelemetry/disable" rel="disable"/>
    <content type="text/xml">
      <s:dict>
        <s:key name="command"><![CDATA[outputtelemetry input=$action.outputtelemetry.param.input$ anonymous=$action.outputtelemetry.param.anonymous$ license=$action.outputtelemetry.param.license$ support=$action.outputtelemetry.param.support$ component=$action.outputtelemetry.param.component$ type=$action.outputtelemetry.param.type$ optinrequired=$action.outputtelemetry.param.optinrequired$]]></s:key>
        <s:key name="description">Custom action to output results to telemetry endpoint</s:key>
        <s:key name="disabled">0</s:key>
        <s:key name="eai:acl">
          <s:dict>
            <s:key name="app">splunk_instrumentation</s:key>
            <s:key name="can_change_perms">1</s:key>
            <s:key name="can_list">1</s:key>
            <s:key name="can_share_app">1</s:key>
            <s:key name="can_share_global">1</s:key>
            <s:key name="can_share_user">0</s:key>
            <s:key name="can_write">1</s:key>
            <s:key name="modifiable">1</s:key>
            <s:key name="owner">nobody</s:key>
            <s:key name="perms">
              <s:dict>
                <s:key name="read">
                  <s:list>
                    <s:item>*</s:item>
                  </s:list>
                </s:key>
                <s:key name="write">
                  <s:list>
                    <s:item>admin</s:item>
                  </s:list>
                </s:key>
              </s:dict>
            </s:key>
            <s:key name="removable">0</s:key>
            <s:key name="sharing">global</s:key>
          </s:dict>
        </s:key>
        <s:key name="eai:appName">search</s:key>
        <s:key name="eai:userName">nobody</s:key>
        <s:key name="forceCsvResults">auto</s:key>
        <s:key name="hostname"></s:key>
        <s:key name="icon_path">outputtelemetry.png</s:key>
        <s:key name="is_custom">1</s:key>
        <s:key name="label">Output results to telemetry endpoint</s:key>
        <s:key name="maxresults">10000</s:key>
        <s:key name="maxtime">5m</s:key>
        <s:key name="param.anonymous">1</s:key>
        <s:key name="param.component"></s:key>
        <s:key name="param.input"></s:key>
        <s:key name="param.license">0</s:key>
        <s:key name="param.optinrequired">1</s:key>
        <s:key name="param.support">1</s:key>
        <s:key name="param.type">event</s:key>
        <s:key name="python.version">python3</s:key>
        <s:key name="track_alert">0</s:key>
        <s:key name="ttl">120</s:key>
      </s:dict>
    </content>
  </entry>
  <entry>
    <title>populate_lookup</title>
    <id>https://10.0.0.60:8089/servicesNS/nobody/system/alerts/alert_actions/populate_lookup</id>
    <updated>1970-01-01T05:30:00+05:30</updated>
    <link href="/servicesNS/nobody/system/alerts/alert_actions/populate_lookup" rel="alternate"/>
    <author>
      <name>nobody</name>
    </author>
    <link href="/servicesNS/nobody/system/alerts/alert_actions/populate_lookup" rel="list"/>
    <link href="/servicesNS/nobody/system/alerts/alert_actions/populate_lookup/_reload" rel="_reload"/>
    <link href="/servicesNS/nobody/system/alerts/alert_actions/populate_lookup" rel="edit"/>
    <link href="/servicesNS/nobody/system/alerts/alert_actions/populate_lookup/disable" rel="disable"/>
    <content type="text/xml">
      <s:dict>
        <s:key name="command">copyresults dest="$action.populate_lookup.dest$"  sid="$search_id$"</s:key>
        <s:key name="dest"></s:key>
        <s:key name="disabled">0</s:key>
        <s:key name="eai:acl">
          <s:dict>
            <s:key name="app">system</s:key>
            <s:key name="can_change_perms">1</s:key>
            <s:key name="can_list">1</s:key>
            <s:key name="can_share_app">1</s:key>
            <s:key name="can_share_global">1</s:key>
            <s:key name="can_share_user">0</s:key>
            <s:key name="can_write">1</s:key>
            <s:key name="modifiable">1</s:key>
            <s:key name="owner">nobody</s:key>
            <s:key name="perms">
              <s:dict>
                <s:key name="read">
                  <s:list>
                    <s:item>*</s:item>
                  </s:list>
                </s:key>
                <s:key name="write">
                  <s:list>
                    <s:item>admin</s:item>
                  </s:list>
                </s:key>
              </s:dict>
            </s:key>
            <s:key name="removable">0</s:key>
            <s:key name="sharing">system</s:key>
          </s:dict>
        </s:key>
        <s:key name="eai:appName">search</s:key>
        <s:key name="eai:userName">nobody</s:key>
        <s:key name="forceCsvResults">auto</s:key>
        <s:key name="hostname"></s:key>
        <s:key name="maxresults">10000</s:key>
        <s:key name="maxtime">5m</s:key>
        <s:key name="track_alert">0</s:key>
        <s:key name="ttl">120</s:key>
      </s:dict>
    </content>
  </entry>
  <entry>
    <title>rss</title>
    <id>https://10.0.0.60:8089/servicesNS/nobody/system/alerts/alert_actions/rss</id>
    <updated>1970-01-01T05:30:00+05:30</updated>
    <link href="/servicesNS/nobody/system/alerts/alert_actions/rss" rel="alternate"/>
    <author>
      <name>nobody</name>
    </author>
    <link href="/servicesNS/nobody/system/alerts/alert_actions/rss" rel="list"/>
    <link href="/servicesNS/nobody/system/alerts/alert_actions/rss/_reload" rel="_reload"/>
    <link href="/servicesNS/nobody/system/alerts/alert_actions/rss" rel="edit"/>
    <link href="/servicesNS/nobody/system/alerts/alert_actions/rss/disable" rel="disable"/>
    <content type="text/xml">
      <s:dict>
        <s:key name="command">createrss "path=$name$.xml" "name=$name$" "link=$results.url$" "descr=Alert trigger: $name$, results.count=$results.count$ " "count=30" "graceful=$graceful{default=1}$" maxtime="$action.rss.maxtime{default=1m}$"</s:key>
        <s:key name="disabled">0</s:key>
        <s:key name="eai:acl">
          <s:dict>
            <s:key name="app">system</s:key>
            <s:key name="can_change_perms">1</s:key>
            <s:key name="can_list">1</s:key>
            <s:key name="can_share_app">1</s:key>
            <s:key name="can_share_global">1</s:key>
            <s:key name="can_share_user">0</s:key>
            <s:key name="can_write">1</s:key>
            <s:key name="modifiable">1</s:key>
            <s:key name="owner">nobody</s:key>
            <s:key name="perms">
              <s:dict>
                <s:key name="read">
                  <s:list>
                    <s:item>*</s:item>
                  </s:list>
                </s:key>
                <s:key name="write">
                  <s:list>
                    <s:item>admin</s:item>
                  </s:list>
                </s:key>
              </s:dict>
            </s:key>
            <s:key name="removable">0</s:key>
            <s:key name="sharing">system</s:key>
          </s:dict>
        </s:key>
        <s:key name="eai:appName">search</s:key>
        <s:key name="eai:userName">nobody</s:key>
        <s:key name="forceCsvResults">auto</s:key>
        <s:key name="hostname"></s:key>
        <s:key name="maxresults">10000</s:key>
        <s:key name="maxtime">1m</s:key>
        <s:key name="track_alert">0</s:key>
        <s:key name="ttl">86400</s:key>
      </s:dict>
    </content>
  </entry>
  <entry>
    <title>script</title>
    <id>https://10.0.0.60:8089/servicesNS/nobody/system/alerts/alert_actions/script</id>
    <updated>1970-01-01T05:30:00+05:30</updated>
    <link href="/servicesNS/nobody/system/alerts/alert_actions/script" rel="alternate"/>
    <author>
      <name>nobody</name>
    </author>
    <link href="/servicesNS/nobody/system/alerts/alert_actions/script" rel="list"/>
    <link href="/servicesNS/nobody/system/alerts/alert_actions/script/_reload" rel="_reload"/>
    <link href="/servicesNS/nobody/system/alerts/alert_actions/script" rel="edit"/>
    <link href="/servicesNS/nobody/system/alerts/alert_actions/script/disable" rel="disable"/>
    <content type="text/xml">
      <s:dict>
        <s:key name="command">runshellscript "$action.script.filename$" "$results.count$" "$search$" "$search$" "$name$" "Saved Search [$name$] $counttype$($results.count$)" "$results.url$" "$deprecated_arg$" "$search_id$" "$results.file$" maxtime="$action.script.maxtime{default=5m}$"</s:key>
        <s:key name="description">Invoke a custom script</s:key>
        <s:key name="disabled">0</s:key>
        <s:key name="eai:acl">
          <s:dict>
            <s:key name="app">system</s:key>
            <s:key name="can_change_perms">1</s:key>
            <s:key name="can_list">1</s:key>
            <s:key name="can_share_app">1</s:key>
            <s:key name="can_share_global">1</s:key>
            <s:key name="can_share_user">0</s:key>
            <s:key name="can_write">1</s:key>
            <s:key name="modifiable">1</s:key>
            <s:key name="owner">nobody</s:key>
            <s:key name="perms">
              <s:dict>
                <s:key name="read">
                  <s:list>
                    <s:item>*</s:item>
                  </s:list>
                </s:key>
                <s:key name="write">
                  <s:list>
                    <s:item>admin</s:item>
                  </s:list>
                </s:key>
              </s:dict>
            </s:key>
            <s:key name="removable">0</s:key>
            <s:key name="sharing">system</s:key>
          </s:dict>
        </s:key>
        <s:key name="eai:appName">search</s:key>
        <s:key name="eai:userName">nobody</s:key>
        <s:key name="filename"></s:key>
        <s:key name="forceCsvResults">auto</s:key>
        <s:key name="hostname"></s:key>
        <s:key name="icon_path">mod_alert_icon_script.png</s:key>
        <s:key name="label">Run a script</s:key>
        <s:key name="maxresults">10000</s:key>
        <s:key name="maxtime">5m</s:key>
        <s:key name="track_alert">1</s:key>
        <s:key name="ttl">600</s:key>
      </s:dict>
    </content>
  </entry>
  <entry>
    <title>ssg_mobile_alert</title>
    <id>https://10.0.0.60:8089/servicesNS/nobody/splunk_secure_gateway/alerts/alert_actions/ssg_mobile_alert</id>
    <updated>1970-01-01T05:30:00+05:30</updated>
    <link href="/servicesNS/nobody/splunk_secure_gateway/alerts/alert_actions/ssg_mobile_alert" rel="alternate"/>
    <author>
      <name>nobody</name>
    </author>
    <link href="/servicesNS/nobody/splunk_secure_gateway/alerts/alert_actions/ssg_mobile_alert" rel="list"/>
    <link href="/servicesNS/nobody/splunk_secure_gateway/alerts/alert_actions/ssg_mobile_alert/_reload" rel="_reload"/>
    <link href="/servicesNS/nobody/splunk_secure_gateway/alerts/alert_actions/ssg_mobile_alert" rel="edit"/>
    <link href="/servicesNS/nobody/splunk_secure_gateway/alerts/alert_actions/ssg_mobile_alert/disable" rel="disable"/>
    <content type="text/xml">
      <s:dict>
        <s:key name="command">sendalert $action_name$ results_file="$results.file$" results_link="$results.url$"</s:key>
        <s:key name="description">Send a notification to Splunk Mobile recipients</s:key>
        <s:key name="disabled">0</s:key>
        <s:key name="eai:acl">
          <s:dict>
            <s:key name="app">splunk_secure_gateway</s:key>
            <s:key name="can_change_perms">1</s:key>
            <s:key name="can_list">1</s:key>
            <s:key name="can_share_app">1</s:key>
            <s:key name="can_share_global">1</s:key>
            <s:key name="can_share_user">0</s:key>
            <s:key name="can_write">1</s:key>
            <s:key name="modifiable">1</s:key>
            <s:key name="owner">nobody</s:key>
            <s:key name="perms">
              <s:dict>
                <s:key name="read">
                  <s:list>
                    <s:item>*</s:item>
                  </s:list>
                </s:key>
                <s:key name="write">
                  <s:list>
                    <s:item>securegateway</s:item>
                  </s:list>
                </s:key>
              </s:dict>
            </s:key>
            <s:key name="removable">0</s:key>
            <s:key name="sharing">global</s:key>
          </s:dict>
        </s:key>
        <s:key name="eai:appName">search</s:key>
        <s:key name="eai:userName">nobody</s:key>
        <s:key name="forceCsvResults">auto</s:key>
        <s:key name="hostname"></s:key>
        <s:key name="icon_path">appIcon.png</s:key>
        <s:key name="is_custom">1</s:key>
        <s:key name="label">Send to Splunk Mobile</s:key>
        <s:key name="maxresults">10000</s:key>
        <s:key name="maxtime">5m</s:key>
        <s:key name="param.alert_description">$description$</s:key>
        <s:key name="param.alert_id">$id$</s:key>
        <s:key name="param.alert_severity">$alert.severity$</s:key>
        <s:key name="param.alert_time">$trigger_time$</s:key>
        <s:key name="param.app_name">$app$</s:key>
        <s:key name="param.owner">$owner$</s:key>
        <s:key name="param.results_link">$results_link$</s:key>
        <s:key name="payload_format">json</s:key>
        <s:key name="python.version">python3</s:key>
        <s:key name="track_alert">0</s:key>
        <s:key name="ttl">10p</s:key>
      </s:dict>
    </content>
  </entry>
  <entry>
    <title>summary_index</title>
    <id>https://10.0.0.60:8089/servicesNS/nobody/system/alerts/alert_actions/summary_index</id>
    <updated>1970-01-01T05:30:00+05:30</updated>
    <link href="/servicesNS/nobody/system/alerts/alert_actions/summary_index" rel="alternate"/>
    <author>
      <name>nobody</name>
    </author>
    <link href="/servicesNS/nobody/system/alerts/alert_actions/summary_index" rel="list"/>
    <link href="/servicesNS/nobody/system/alerts/alert_actions/summary_index/_reload" rel="_reload"/>
    <link href="/servicesNS/nobody/system/alerts/alert_actions/summary_index" rel="edit"/>
    <link href="/servicesNS/nobody/system/alerts/alert_actions/summary_index/disable" rel="disable"/>
    <content type="text/xml">
      <s:dict>
        <s:key name="_name">summary</s:key>
        <s:key name="command"><![CDATA[summaryindex spool=t uselb=t addtime=t index="$action.summary_index._name{required=yes}$" file="$name_hash$_$#random$.stash_new" name="$name$" marker="$action.summary_index*{format=$KEY=\\\"$VAL\\\", key_regex="action.summary_index.(?!(?:command|forceCsvResults|force_realtime_schedule|inline|maxresults|maxtime|python\\.version|ttl|track_alert|(?:_.*))$)(.*)"}$"]]></s:key>
        <s:key name="disabled">0</s:key>
        <s:key name="eai:acl">
          <s:dict>
            <s:key name="app">system</s:key>
            <s:key name="can_change_perms">1</s:key>
            <s:key name="can_list">1</s:key>
            <s:key name="can_share_app">1</s:key>
            <s:key name="can_share_global">1</s:key>
            <s:key name="can_share_user">0</s:key>
            <s:key name="can_write">1</s:key>
            <s:key name="modifiable">1</s:key>
            <s:key name="owner">nobody</s:key>
            <s:key name="perms">
              <s:dict>
                <s:key name="read">
                  <s:list>
                    <s:item>*</s:item>
                  </s:list>
                </s:key>
                <s:key name="write">
                  <s:list>
                    <s:item>admin</s:item>
                  </s:list>
                </s:key>
              </s:dict>
            </s:key>
            <s:key name="removable">0</s:key>
            <s:key name="sharing">system</s:key>
          </s:dict>
        </s:key>
        <s:key name="eai:appName">search</s:key>
        <s:key name="eai:userName">nobody</s:key>
        <s:key name="forceCsvResults">auto</s:key>
        <s:key name="hostname"></s:key>
        <s:key name="inline">1</s:key>
        <s:key name="maxresults">10000</s:key>
        <s:key name="maxtime">5m</s:key>
        <s:key name="track_alert">0</s:key>
        <s:key name="ttl">120</s:key>
      </s:dict>
    </content>
  </entry>
  <entry>
    <title>summary_metric_index</title>
    <id>https://10.0.0.60:8089/servicesNS/nobody/system/alerts/alert_actions/summary_metric_index</id>
    <updated>1970-01-01T05:30:00+05:30</updated>
    <link href="/servicesNS/nobody/system/alerts/alert_actions/summary_metric_index" rel="alternate"/>
    <author>
      <name>nobody</name>
    </author>
    <link href="/servicesNS/nobody/system/alerts/alert_actions/summary_metric_index" rel="list"/>
    <link href="/servicesNS/nobody/system/alerts/alert_actions/summary_metric_index/_reload" rel="_reload"/>
    <link href="/servicesNS/nobody/system/alerts/alert_actions/summary_metric_index" rel="edit"/>
    <link href="/servicesNS/nobody/system/alerts/alert_actions/summary_metric_index/disable" rel="disable"/>
    <content type="text/xml">
      <s:dict>
        <s:key name="_name">summary</s:key>
        <s:key name="command"><![CDATA[mcollect spool=t index="$action.summary_index._name{required=yes}$" file="$name_hash$_$#random$.stash_new" name="$name$" marker="$action.summary_index*{format=$KEY=\\\"$VAL\\\", key_regex="action.summary_index.(?!(?:command|forceCsvResults|force_realtime_schedule|inline|maxresults|maxtime|python\\.version|ttl|track_alert|(?:_.*))$)(.*)"}$" split=allnums $action.summary_index._metric_dims$]]></s:key>
        <s:key name="disabled">0</s:key>
        <s:key name="eai:acl">
          <s:dict>
            <s:key name="app">system</s:key>
            <s:key name="can_change_perms">1</s:key>
            <s:key name="can_list">1</s:key>
            <s:key name="can_share_app">1</s:key>
            <s:key name="can_share_global">1</s:key>
            <s:key name="can_share_user">0</s:key>
            <s:key name="can_write">1</s:key>
            <s:key name="modifiable">1</s:key>
            <s:key name="owner">nobody</s:key>
            <s:key name="perms">
              <s:dict>
                <s:key name="read">
                  <s:list>
                    <s:item>*</s:item>
                  </s:list>
                </s:key>
                <s:key name="write">
                  <s:list>
                    <s:item>admin</s:item>
                  </s:list>
                </s:key>
              </s:dict>
            </s:key>
            <s:key name="removable">0</s:key>
            <s:key name="sharing">system</s:key>
          </s:dict>
        </s:key>
        <s:key name="eai:appName">search</s:key>
        <s:key name="eai:userName">nobody</s:key>
        <s:key name="forceCsvResults">auto</s:key>
        <s:key name="hostname"></s:key>
        <s:key name="inline">1</s:key>
        <s:key name="maxresults">10000</s:key>
        <s:key name="maxtime">5m</s:key>
        <s:key name="track_alert">0</s:key>
        <s:key name="ttl">120</s:key>
      </s:dict>
    </content>
  </entry>
  <entry>
    <title>webhook</title>
    <id>https://10.0.0.60:8089/servicesNS/nobody/alert_webhook/alerts/alert_actions/webhook</id>
    <updated>1970-01-01T05:30:00+05:30</updated>
    <link href="/servicesNS/nobody/alert_webhook/alerts/alert_actions/webhook" rel="alternate"/>
    <author>
      <name>nobody</name>
    </author>
    <link href="/servicesNS/nobody/alert_webhook/alerts/alert_actions/webhook" rel="list"/>
    <link href="/servicesNS/nobody/alert_webhook/alerts/alert_actions/webhook/_reload" rel="_reload"/>
    <link href="/servicesNS/nobody/alert_webhook/alerts/alert_actions/webhook" rel="edit"/>
    <link href="/servicesNS/nobody/alert_webhook/alerts/alert_actions/webhook/disable" rel="disable"/>
    <content type="text/xml">
      <s:dict>
        <s:key name="command">sendalert $action_name$ results_file="$results.file$" results_link="$results.url$"</s:key>
        <s:key name="description">Generic HTTP POST to a specified URL</s:key>
        <s:key name="disabled">0</s:key>
        <s:key name="eai:acl">
          <s:dict>
            <s:key name="app">alert_webhook</s:key>
            <s:key name="can_change_perms">1</s:key>
            <s:key name="can_list">1</s:key>
            <s:key name="can_share_app">1</s:key>
            <s:key name="can_share_global">1</s:key>
            <s:key name="can_share_user">0</s:key>
            <s:key name="can_write">1</s:key>
            <s:key name="modifiable">1</s:key>
            <s:key name="owner">nobody</s:key>
            <s:key name="perms">
              <s:dict>
                <s:key name="read">
                  <s:list>
                    <s:item>*</s:item>
                  </s:list>
                </s:key>
                <s:key name="write">
                  <s:list>
                    <s:item>admin</s:item>
                    <s:item>power</s:item>
                  </s:list>
                </s:key>
              </s:dict>
            </s:key>
            <s:key name="removable">0</s:key>
            <s:key name="sharing">global</s:key>
          </s:dict>
        </s:key>
        <s:key name="eai:appName">search</s:key>
        <s:key name="eai:userName">nobody</s:key>
        <s:key name="forceCsvResults">auto</s:key>
        <s:key name="hostname"></s:key>
        <s:key name="icon_path">webhook.png</s:key>
        <s:key name="is_custom">1</s:key>
        <s:key name="label">Webhook</s:key>
        <s:key name="maxresults">10000</s:key>
        <s:key name="maxtime">5m</s:key>
        <s:key name="param.user_agent">Splunk/$server.guid$</s:key>
        <s:key name="payload_format">json</s:key>
        <s:key name="python.version">python3</s:key>
        <s:key name="track_alert">0</s:key>
        <s:key name="ttl">10p</s:key>
      </s:dict>
    </content>
  </entry>
</feed>


18:23:57.763 [print] <!--This is to override browser formatting; see server.conf[httpServer] to disable. . . . . . . . . . . . . . . . . . . . . . . . . . . . . . . . . . . . . . . . . . . . . . . . . . . . . . . . . . . . . . . . . . . . . . . . . . . . . . . . . . . . . . . . . . . . . . . . . . . . . . . . . . . . . . . . . . . . . . . . . . . . . . . . . . . . . . . . . . . . . . . . . . . . . . . . . . . . . . . . . . . . . . . . . . . . . . . . . . . . . . . . . . . . . . . . . . . . . . . . . . . . . . . . . . . . . . . . . . . . . . . . . . . . . . . . . . . . . . . . . . . . . . . . . . . . . . . . . . . . . . . . . . . . . . . . . . . . . . . . . . . . . . . . . . . . . . . . . . . . . . . . . . . . . . . . . . . . . . . . . . . . . . . . . . . . . . . . . . . . . . . . . . . . . . . . . . . . . . . . . . . . . . . . . . . . . . . . . . . . . . . . . . . . . . . . . . . . . . . . . . . . . . . . . . . . . . . . . . . . . . . . . . . . . . . . . . . . . . . . . . . . . . . . . . . . . . . . . . . . . . . . . . . . . . . . .--><?xml-stylesheet type="text/xml" href="/static/atom.xsl"?><feed xmlns="http://www.w3.org/2005/Atom" xmlns:opensearch="http://a9.com/-/spec/opensearch/1.1/" xmlns:s="http://dev.splunk.com/ns/rest">
  <title>alert_actions</title>
  <id>https://10.0.0.60:8089/services/alerts/alert_actions</id>
  <updated>2021-06-03T18:24:30+05:30</updated>
  <generator build="e053ef3c985f" version="8.2.0"/>
  <author>
    <name>Splunk</name>
  </author>
  <link href="/services/alerts/alert_actions/_reload" rel="_reload"/>
  <link href="/services/alerts/alert_actions/_acl" rel="_acl"/>
  <opensearch:totalResults>11</opensearch:totalResults>
  <opensearch:itemsPerPage>30</opensearch:itemsPerPage>
  <opensearch:startIndex>0</opensearch:startIndex>
  <s:messages/>
  <entry>
    <title>email</title>
    <id>https://10.0.0.60:8089/servicesNS/nobody/system/alerts/alert_actions/email</id>
    <updated>1970-01-01T05:30:00+05:30</updated>
    <link href="/servicesNS/nobody/system/alerts/alert_actions/email" rel="alternate"/>
    <author>
      <name>nobody</name>
    </author>
    <link href="/servicesNS/nobody/system/alerts/alert_actions/email" rel="list"/>
    <link href="/servicesNS/nobody/system/alerts/alert_actions/email/_reload" rel="_reload"/>
    <link href="/servicesNS/nobody/system/alerts/alert_actions/email" rel="edit"/>
    <link href="/servicesNS/nobody/system/alerts/alert_actions/email/disable" rel="disable"/>
    <content type="text/xml">
      <s:dict>
        <s:key name="allow_empty_attachment">1</s:key>
        <s:key name="allowedDomainList"/>
        <s:key name="auth_password"/>
        <s:key name="auth_username"/>
        <s:key name="bcc"/>
        <s:key name="cc"/>
        <s:key name="cipherSuite">ECDHE-ECDSA-AES256-GCM-SHA384:ECDHE-RSA-AES256-GCM-SHA384:ECDHE-ECDSA-AES128-GCM-SHA256:ECDHE-RSA-AES128-GCM-SHA256:ECDHE-ECDSA-AES256-SHA384:ECDHE-RSA-AES256-SHA384:ECDHE-ECDSA-AES128-SHA256:ECDHE-RSA-AES128-SHA256</s:key>
        <s:key name="command"><![CDATA[$action.email.preprocess_results{default=""}$ | sendemail "results_link=$results.url$" "ssname=$name$" "graceful=$graceful{default=True}$" "trigger_time=$trigger_time$" maxinputs="$action.email.maxresults{default=10000}$" maxtime="$action.email.maxtime{default=5m}$" results_file="$results.file$"]]></s:key>
        <s:key name="content_type">html</s:key>
        <s:key name="description">Send an email notification to specified recipients</s:key>
        <s:key name="disabled">0</s:key>
        <s:key name="eai:acl">
          <s:dict>
            <s:key name="app">system</s:key>
            <s:key name="can_change_perms">1</s:key>
            <s:key name="can_list">1</s:key>
            <s:key name="can_share_app">1</s:key>
            <s:key name="can_share_global">1</s:key>
            <s:key name="can_share_user">0</s:key>
            <s:key name="can_write">1</s:key>
            <s:key name="modifiable">1</s:key>
            <s:key name="owner">nobody</s:key>
            <s:key name="perms">
              <s:dict>
                <s:key name="read">
                  <s:list>
                    <s:item>*</s:item>
                  </s:list>
                </s:key>
                <s:key name="write">
                  <s:list>
                    <s:item>admin</s:item>
                  </s:list>
                </s:key>
              </s:dict>
            </s:key>
            <s:key name="removable">0</s:key>
            <s:key name="sharing">system</s:key>
          </s:dict>
        </s:key>
        <s:key name="eai:appName">search</s:key>
        <s:key name="eai:userName">nobody</s:key>
        <s:key name="footer.text">If you believe you've received this email in error, please see your Splunk administrator.

splunk &gt; the engine for machine data</s:key>
        <s:key name="forceCsvResults">auto</s:key>
        <s:key name="format">table</s:key>
        <s:key name="from">splunk</s:key>
        <s:key name="hostname"/>
        <s:key name="icon_path">mod_alert_icon_email.png</s:key>
        <s:key name="include.results_link">1</s:key>
        <s:key name="include.search">0</s:key>
        <s:key name="include.trigger">0</s:key>
        <s:key name="include.trigger_time">0</s:key>
        <s:key name="include.view_link">1</s:key>
        <s:key name="inline">0</s:key>
        <s:key name="label">Send email</s:key>
        <s:key name="mailserver">localhost</s:key>
        <s:key name="maxresults">10000</s:key>
        <s:key name="maxtime">5m</s:key>
        <s:key name="message.alert">The alert condition for '$name$' was triggered.</s:key>
        <s:key name="message.report">The scheduled report '$name$' has run.</s:key>
        <s:key name="pdf.footer_center">title</s:key>
        <s:key name="pdf.footer_enabled">1</s:key>
        <s:key name="pdf.footer_left">logo</s:key>
        <s:key name="pdf.footer_right">timestamp,pagination</s:key>
        <s:key name="pdf.header_center">description</s:key>
        <s:key name="pdf.header_enabled">1</s:key>
        <s:key name="pdf.html_image_rendering">1</s:key>
        <s:key name="pdfview"/>
        <s:key name="preprocess_results"/>
        <s:key name="priority">3</s:key>
        <s:key name="reportCIDFontList">gb cns jp kor</s:key>
        <s:key name="reportFileName">$name$-$time:%Y-%m-%d$</s:key>
        <s:key name="reportIncludeSplunkLogo">1</s:key>
        <s:key name="reportPaperOrientation">portrait</s:key>
        <s:key name="reportPaperSize">letter</s:key>
        <s:key name="sendcsv">0</s:key>
        <s:key name="sendpdf">0</s:key>
        <s:key name="sendresults">0</s:key>
        <s:key name="sslVersions">tls1.2</s:key>
        <s:key name="subject">Splunk Alert: $name$</s:key>
        <s:key name="subject.alert">Splunk Alert: $name$</s:key>
        <s:key name="subject.report">Splunk Report: $name$</s:key>
        <s:key name="to"/>
        <s:key name="track_alert">1</s:key>
        <s:key name="ttl">86400</s:key>
        <s:key name="useNSSubject">0</s:key>
        <s:key name="use_ssl">0</s:key>
        <s:key name="use_tls">0</s:key>
        <s:key name="width_sort_columns">1</s:key>
      </s:dict>
    </content>
  </entry>
  <entry>
    <title>logevent</title>
    <id>https://10.0.0.60:8089/servicesNS/nobody/alert_logevent/alerts/alert_actions/logevent</id>
    <updated>1970-01-01T05:30:00+05:30</updated>
    <link href="/servicesNS/nobody/alert_logevent/alerts/alert_actions/logevent" rel="alternate"/>
    <author>
      <name>nobody</name>
    </author>
    <link href="/servicesNS/nobody/alert_logevent/alerts/alert_actions/logevent" rel="list"/>
    <link href="/servicesNS/nobody/alert_logevent/alerts/alert_actions/logevent/_reload" rel="_reload"/>
    <link href="/servicesNS/nobody/alert_logevent/alerts/alert_actions/logevent" rel="edit"/>
    <link href="/servicesNS/nobody/alert_logevent/alerts/alert_actions/logevent/disable" rel="disable"/>
    <content type="text/xml">
      <s:dict>
        <s:key name="command">sendalert $action_name$ results_file="$results.file$" results_link="$results.url$"</s:key>
        <s:key name="description">Send log event to Splunk receiver endpoint</s:key>
        <s:key name="disabled">0</s:key>
        <s:key name="eai:acl">
          <s:dict>
            <s:key name="app">alert_logevent</s:key>
            <s:key name="can_change_perms">1</s:key>
            <s:key name="can_list">1</s:key>
            <s:key name="can_share_app">1</s:key>
            <s:key name="can_share_global">1</s:key>
            <s:key name="can_share_user">0</s:key>
            <s:key name="can_write">1</s:key>
            <s:key name="modifiable">1</s:key>
            <s:key name="owner">nobody</s:key>
            <s:key name="perms">
              <s:dict>
                <s:key name="read">
                  <s:list>
                    <s:item>*</s:item>
                  </s:list>
                </s:key>
                <s:key name="write">
                  <s:list>
                    <s:item>admin</s:item>
                    <s:item>power</s:item>
                  </s:list>
                </s:key>
              </s:dict>
            </s:key>
            <s:key name="removable">0</s:key>
            <s:key name="sharing">global</s:key>
          </s:dict>
        </s:key>
        <s:key name="eai:appName">search</s:key>
        <s:key name="eai:userName">nobody</s:key>
        <s:key name="forceCsvResults">auto</s:key>
        <s:key name="hostname"/>
        <s:key name="icon_path">logevent.png</s:key>
        <s:key name="is_custom">1</s:key>
        <s:key name="label">Log Event</s:key>
        <s:key name="maxresults">10000</s:key>
        <s:key name="maxtime">5m</s:key>
        <s:key name="param.host"/>
        <s:key name="param.index">main</s:key>
        <s:key name="param.source">alert:$name$</s:key>
        <s:key name="param.sourcetype">generic_single_line</s:key>
        <s:key name="payload_format">json</s:key>
        <s:key name="python.version">python3</s:key>
        <s:key name="track_alert">0</s:key>
        <s:key name="ttl">10p</s:key>
      </s:dict>
    </content>
  </entry>
  <entry>
    <title>lookup</title>
    <id>https://10.0.0.60:8089/servicesNS/nobody/system/alerts/alert_actions/lookup</id>
    <updated>1970-01-01T05:30:00+05:30</updated>
    <link href="/servicesNS/nobody/system/alerts/alert_actions/lookup" rel="alternate"/>
    <author>
      <name>nobody</name>
    </author>
    <link href="/servicesNS/nobody/system/alerts/alert_actions/lookup" rel="list"/>
    <link href="/servicesNS/nobody/system/alerts/alert_actions/lookup/_reload" rel="_reload"/>
    <link href="/servicesNS/nobody/system/alerts/alert_actions/lookup" rel="edit"/>
    <link href="/servicesNS/nobody/system/alerts/alert_actions/lookup/disable" rel="disable"/>
    <content type="text/xml">
      <s:dict>
        <s:key name="append">0</s:key>
        <s:key name="command">outputlookup "$action.lookup.filename$" append=$action.lookup.append$</s:key>
        <s:key name="description">Output the results of the search to a CSV lookup file</s:key>
        <s:key name="disabled">0</s:key>
        <s:key name="eai:acl">
          <s:dict>
            <s:key name="app">system</s:key>
            <s:key name="can_change_perms">1</s:key>
            <s:key name="can_list">1</s:key>
            <s:key name="can_share_app">1</s:key>
            <s:key name="can_share_global">1</s:key>
            <s:key name="can_share_user">0</s:key>
            <s:key name="can_write">1</s:key>
            <s:key name="modifiable">1</s:key>
            <s:key name="owner">nobody</s:key>
            <s:key name="perms">
              <s:dict>
                <s:key name="read">
                  <s:list>
                    <s:item>*</s:item>
                  </s:list>
                </s:key>
                <s:key name="write">
                  <s:list>
                    <s:item>admin</s:item>
                  </s:list>
                </s:key>
              </s:dict>
            </s:key>
            <s:key name="removable">0</s:key>
            <s:key name="sharing">system</s:key>
          </s:dict>
        </s:key>
        <s:key name="eai:appName">search</s:key>
        <s:key name="eai:userName">nobody</s:key>
        <s:key name="filename"/>
        <s:key name="forceCsvResults">auto</s:key>
        <s:key name="hostname"/>
        <s:key name="icon_path">mod_alert_icon_lookup.png</s:key>
        <s:key name="label">Output results to lookup</s:key>
        <s:key name="maxresults">10000</s:key>
        <s:key name="maxtime">5m</s:key>
        <s:key name="track_alert">0</s:key>
        <s:key name="ttl">10p</s:key>
      </s:dict>
    </content>
  </entry>
  <entry>
    <title>outputtelemetry</title>
    <id>https://10.0.0.60:8089/servicesNS/nobody/splunk_instrumentation/alerts/alert_actions/outputtelemetry</id>
    <updated>1970-01-01T05:30:00+05:30</updated>
    <link href="/servicesNS/nobody/splunk_instrumentation/alerts/alert_actions/outputtelemetry" rel="alternate"/>
    <author>
      <name>nobody</name>
    </author>
    <link href="/servicesNS/nobody/splunk_instrumentation/alerts/alert_actions/outputtelemetry" rel="list"/>
    <link href="/servicesNS/nobody/splunk_instrumentation/alerts/alert_actions/outputtelemetry/_reload" rel="_reload"/>
    <link href="/servicesNS/nobody/splunk_instrumentation/alerts/alert_actions/outputtelemetry" rel="edit"/>
    <link href="/servicesNS/nobody/splunk_instrumentation/alerts/alert_actions/outputtelemetry/disable" rel="disable"/>
    <content type="text/xml">
      <s:dict>
        <s:key name="command"><![CDATA[outputtelemetry input=$action.outputtelemetry.param.input$ anonymous=$action.outputtelemetry.param.anonymous$ license=$action.outputtelemetry.param.license$ support=$action.outputtelemetry.param.support$ component=$action.outputtelemetry.param.component$ type=$action.outputtelemetry.param.type$ optinrequired=$action.outputtelemetry.param.optinrequired$]]></s:key>
        <s:key name="description">Custom action to output results to telemetry endpoint</s:key>
        <s:key name="disabled">0</s:key>
        <s:key name="eai:acl">
          <s:dict>
            <s:key name="app">splunk_instrumentation</s:key>
            <s:key name="can_change_perms">1</s:key>
            <s:key name="can_list">1</s:key>
            <s:key name="can_share_app">1</s:key>
            <s:key name="can_share_global">1</s:key>
            <s:key name="can_share_user">0</s:key>
            <s:key name="can_write">1</s:key>
            <s:key name="modifiable">1</s:key>
            <s:key name="owner">nobody</s:key>
            <s:key name="perms">
              <s:dict>
                <s:key name="read">
                  <s:list>
                    <s:item>*</s:item>
                  </s:list>
                </s:key>
                <s:key name="write">
                  <s:list>
                    <s:item>admin</s:item>
                  </s:list>
                </s:key>
              </s:dict>
            </s:key>
            <s:key name="removable">0</s:key>
            <s:key name="sharing">global</s:key>
          </s:dict>
        </s:key>
        <s:key name="eai:appName">search</s:key>
        <s:key name="eai:userName">nobody</s:key>
        <s:key name="forceCsvResults">auto</s:key>
        <s:key name="hostname"/>
        <s:key name="icon_path">outputtelemetry.png</s:key>
        <s:key name="is_custom">1</s:key>
        <s:key name="label">Output results to telemetry endpoint</s:key>
        <s:key name="maxresults">10000</s:key>
        <s:key name="maxtime">5m</s:key>
        <s:key name="param.anonymous">1</s:key>
        <s:key name="param.component"/>
        <s:key name="param.input"/>
        <s:key name="param.license">0</s:key>
        <s:key name="param.optinrequired">1</s:key>
        <s:key name="param.support">1</s:key>
        <s:key name="param.type">event</s:key>
        <s:key name="python.version">python3</s:key>
        <s:key name="track_alert">0</s:key>
        <s:key name="ttl">120</s:key>
      </s:dict>
    </content>
  </entry>
  <entry>
    <title>populate_lookup</title>
    <id>https://10.0.0.60:8089/servicesNS/nobody/system/alerts/alert_actions/populate_lookup</id>
    <updated>1970-01-01T05:30:00+05:30</updated>
    <link href="/servicesNS/nobody/system/alerts/alert_actions/populate_lookup" rel="alternate"/>
    <author>
      <name>nobody</name>
    </author>
    <link href="/servicesNS/nobody/system/alerts/alert_actions/populate_lookup" rel="list"/>
    <link href="/servicesNS/nobody/system/alerts/alert_actions/populate_lookup/_reload" rel="_reload"/>
    <link href="/servicesNS/nobody/system/alerts/alert_actions/populate_lookup" rel="edit"/>
    <link href="/servicesNS/nobody/system/alerts/alert_actions/populate_lookup/disable" rel="disable"/>
    <content type="text/xml">
      <s:dict>
        <s:key name="command">copyresults dest="$action.populate_lookup.dest$"  sid="$search_id$"</s:key>
        <s:key name="dest"/>
        <s:key name="disabled">0</s:key>
        <s:key name="eai:acl">
          <s:dict>
            <s:key name="app">system</s:key>
            <s:key name="can_change_perms">1</s:key>
            <s:key name="can_list">1</s:key>
            <s:key name="can_share_app">1</s:key>
            <s:key name="can_share_global">1</s:key>
            <s:key name="can_share_user">0</s:key>
            <s:key name="can_write">1</s:key>
            <s:key name="modifiable">1</s:key>
            <s:key name="owner">nobody</s:key>
            <s:key name="perms">
              <s:dict>
                <s:key name="read">
                  <s:list>
                    <s:item>*</s:item>
                  </s:list>
                </s:key>
                <s:key name="write">
                  <s:list>
                    <s:item>admin</s:item>
                  </s:list>
                </s:key>
              </s:dict>
            </s:key>
            <s:key name="removable">0</s:key>
            <s:key name="sharing">system</s:key>
          </s:dict>
        </s:key>
        <s:key name="eai:appName">search</s:key>
        <s:key name="eai:userName">nobody</s:key>
        <s:key name="forceCsvResults">auto</s:key>
        <s:key name="hostname"/>
        <s:key name="maxresults">10000</s:key>
        <s:key name="maxtime">5m</s:key>
        <s:key name="track_alert">0</s:key>
        <s:key name="ttl">120</s:key>
      </s:dict>
    </content>
  </entry>
  <entry>
    <title>rss</title>
    <id>https://10.0.0.60:8089/servicesNS/nobody/system/alerts/alert_actions/rss</id>
    <updated>1970-01-01T05:30:00+05:30</updated>
    <link href="/servicesNS/nobody/system/alerts/alert_actions/rss" rel="alternate"/>
    <author>
      <name>nobody</name>
    </author>
    <link href="/servicesNS/nobody/system/alerts/alert_actions/rss" rel="list"/>
    <link href="/servicesNS/nobody/system/alerts/alert_actions/rss/_reload" rel="_reload"/>
    <link href="/servicesNS/nobody/system/alerts/alert_actions/rss" rel="edit"/>
    <link href="/servicesNS/nobody/system/alerts/alert_actions/rss/disable" rel="disable"/>
    <content type="text/xml">
      <s:dict>
        <s:key name="command">createrss "path=$name$.xml" "name=$name$" "link=$results.url$" "descr=Alert trigger: $name$, results.count=$results.count$ " "count=30" "graceful=$graceful{default=1}$" maxtime="$action.rss.maxtime{default=1m}$"</s:key>
        <s:key name="disabled">0</s:key>
        <s:key name="eai:acl">
          <s:dict>
            <s:key name="app">system</s:key>
            <s:key name="can_change_perms">1</s:key>
            <s:key name="can_list">1</s:key>
            <s:key name="can_share_app">1</s:key>
            <s:key name="can_share_global">1</s:key>
            <s:key name="can_share_user">0</s:key>
            <s:key name="can_write">1</s:key>
            <s:key name="modifiable">1</s:key>
            <s:key name="owner">nobody</s:key>
            <s:key name="perms">
              <s:dict>
                <s:key name="read">
                  <s:list>
                    <s:item>*</s:item>
                  </s:list>
                </s:key>
                <s:key name="write">
                  <s:list>
                    <s:item>admin</s:item>
                  </s:list>
                </s:key>
              </s:dict>
            </s:key>
            <s:key name="removable">0</s:key>
            <s:key name="sharing">system</s:key>
          </s:dict>
        </s:key>
        <s:key name="eai:appName">search</s:key>
        <s:key name="eai:userName">nobody</s:key>
        <s:key name="forceCsvResults">auto</s:key>
        <s:key name="hostname"/>
        <s:key name="maxresults">10000</s:key>
        <s:key name="maxtime">1m</s:key>
        <s:key name="track_alert">0</s:key>
        <s:key name="ttl">86400</s:key>
      </s:dict>
    </content>
  </entry>
  <entry>
    <title>script</title>
    <id>https://10.0.0.60:8089/servicesNS/nobody/system/alerts/alert_actions/script</id>
    <updated>1970-01-01T05:30:00+05:30</updated>
    <link href="/servicesNS/nobody/system/alerts/alert_actions/script" rel="alternate"/>
    <author>
      <name>nobody</name>
    </author>
    <link href="/servicesNS/nobody/system/alerts/alert_actions/script" rel="list"/>
    <link href="/servicesNS/nobody/system/alerts/alert_actions/script/_reload" rel="_reload"/>
    <link href="/servicesNS/nobody/system/alerts/alert_actions/script" rel="edit"/>
    <link href="/servicesNS/nobody/system/alerts/alert_actions/script/disable" rel="disable"/>
    <content type="text/xml">
      <s:dict>
        <s:key name="command">runshellscript "$action.script.filename$" "$results.count$" "$search$" "$search$" "$name$" "Saved Search [$name$] $counttype$($results.count$)" "$results.url$" "$deprecated_arg$" "$search_id$" "$results.file$" maxtime="$action.script.maxtime{default=5m}$"</s:key>
        <s:key name="description">Invoke a custom script</s:key>
        <s:key name="disabled">0</s:key>
        <s:key name="eai:acl">
          <s:dict>
            <s:key name="app">system</s:key>
            <s:key name="can_change_perms">1</s:key>
            <s:key name="can_list">1</s:key>
            <s:key name="can_share_app">1</s:key>
            <s:key name="can_share_global">1</s:key>
            <s:key name="can_share_user">0</s:key>
            <s:key name="can_write">1</s:key>
            <s:key name="modifiable">1</s:key>
            <s:key name="owner">nobody</s:key>
            <s:key name="perms">
              <s:dict>
                <s:key name="read">
                  <s:list>
                    <s:item>*</s:item>
                  </s:list>
                </s:key>
                <s:key name="write">
                  <s:list>
                    <s:item>admin</s:item>
                  </s:list>
                </s:key>
              </s:dict>
            </s:key>
            <s:key name="removable">0</s:key>
            <s:key name="sharing">system</s:key>
          </s:dict>
        </s:key>
        <s:key name="eai:appName">search</s:key>
        <s:key name="eai:userName">nobody</s:key>
        <s:key name="filename"/>
        <s:key name="forceCsvResults">auto</s:key>
        <s:key name="hostname"/>
        <s:key name="icon_path">mod_alert_icon_script.png</s:key>
        <s:key name="label">Run a script</s:key>
        <s:key name="maxresults">10000</s:key>
        <s:key name="maxtime">5m</s:key>
        <s:key name="track_alert">1</s:key>
        <s:key name="ttl">600</s:key>
      </s:dict>
    </content>
  </entry>
  <entry>
    <title>ssg_mobile_alert</title>
    <id>https://10.0.0.60:8089/servicesNS/nobody/splunk_secure_gateway/alerts/alert_actions/ssg_mobile_alert</id>
    <updated>1970-01-01T05:30:00+05:30</updated>
    <link href="/servicesNS/nobody/splunk_secure_gateway/alerts/alert_actions/ssg_mobile_alert" rel="alternate"/>
    <author>
      <name>nobody</name>
    </author>
    <link href="/servicesNS/nobody/splunk_secure_gateway/alerts/alert_actions/ssg_mobile_alert" rel="list"/>
    <link href="/servicesNS/nobody/splunk_secure_gateway/alerts/alert_actions/ssg_mobile_alert/_reload" rel="_reload"/>
    <link href="/servicesNS/nobody/splunk_secure_gateway/alerts/alert_actions/ssg_mobile_alert" rel="edit"/>
    <link href="/servicesNS/nobody/splunk_secure_gateway/alerts/alert_actions/ssg_mobile_alert/disable" rel="disable"/>
    <content type="text/xml">
      <s:dict>
        <s:key name="command">sendalert $action_name$ results_file="$results.file$" results_link="$results.url$"</s:key>
        <s:key name="description">Send a notification to Splunk Mobile recipients</s:key>
        <s:key name="disabled">0</s:key>
        <s:key name="eai:acl">
          <s:dict>
            <s:key name="app">splunk_secure_gateway</s:key>
            <s:key name="can_change_perms">1</s:key>
            <s:key name="can_list">1</s:key>
            <s:key name="can_share_app">1</s:key>
            <s:key name="can_share_global">1</s:key>
            <s:key name="can_share_user">0</s:key>
            <s:key name="can_write">1</s:key>
            <s:key name="modifiable">1</s:key>
            <s:key name="owner">nobody</s:key>
            <s:key name="perms">
              <s:dict>
                <s:key name="read">
                  <s:list>
                    <s:item>*</s:item>
                  </s:list>
                </s:key>
                <s:key name="write">
                  <s:list>
                    <s:item>securegateway</s:item>
                  </s:list>
                </s:key>
              </s:dict>
            </s:key>
            <s:key name="removable">0</s:key>
            <s:key name="sharing">global</s:key>
          </s:dict>
        </s:key>
        <s:key name="eai:appName">search</s:key>
        <s:key name="eai:userName">nobody</s:key>
        <s:key name="forceCsvResults">auto</s:key>
        <s:key name="hostname"/>
        <s:key name="icon_path">appIcon.png</s:key>
        <s:key name="is_custom">1</s:key>
        <s:key name="label">Send to Splunk Mobile</s:key>
        <s:key name="maxresults">10000</s:key>
        <s:key name="maxtime">5m</s:key>
        <s:key name="param.alert_description">$description$</s:key>
        <s:key name="param.alert_id">$id$</s:key>
        <s:key name="param.alert_severity">$alert.severity$</s:key>
        <s:key name="param.alert_time">$trigger_time$</s:key>
        <s:key name="param.app_name">$app$</s:key>
        <s:key name="param.owner">$owner$</s:key>
        <s:key name="param.results_link">$results_link$</s:key>
        <s:key name="payload_format">json</s:key>
        <s:key name="python.version">python3</s:key>
        <s:key name="track_alert">0</s:key>
        <s:key name="ttl">10p</s:key>
      </s:dict>
    </content>
  </entry>
  <entry>
    <title>summary_index</title>
    <id>https://10.0.0.60:8089/servicesNS/nobody/system/alerts/alert_actions/summary_index</id>
    <updated>1970-01-01T05:30:00+05:30</updated>
    <link href="/servicesNS/nobody/system/alerts/alert_actions/summary_index" rel="alternate"/>
    <author>
      <name>nobody</name>
    </author>
    <link href="/servicesNS/nobody/system/alerts/alert_actions/summary_index" rel="list"/>
    <link href="/servicesNS/nobody/system/alerts/alert_actions/summary_index/_reload" rel="_reload"/>
    <link href="/servicesNS/nobody/system/alerts/alert_actions/summary_index" rel="edit"/>
    <link href="/servicesNS/nobody/system/alerts/alert_actions/summary_index/disable" rel="disable"/>
    <content type="text/xml">
      <s:dict>
        <s:key name="_name">summary</s:key>
        <s:key name="command"><![CDATA[summaryindex spool=t uselb=t addtime=t index="$action.summary_index._name{required=yes}$" file="$name_hash$_$#random$.stash_new" name="$name$" marker="$action.summary_index*{format=$KEY=\\\"$VAL\\\", key_regex="action.summary_index.(?!(?:command|forceCsvResults|force_realtime_schedule|inline|maxresults|maxtime|python\\.version|ttl|track_alert|(?:_.*))$)(.*)"}$"]]></s:key>
        <s:key name="disabled">0</s:key>
        <s:key name="eai:acl">
          <s:dict>
            <s:key name="app">system</s:key>
            <s:key name="can_change_perms">1</s:key>
            <s:key name="can_list">1</s:key>
            <s:key name="can_share_app">1</s:key>
            <s:key name="can_share_global">1</s:key>
            <s:key name="can_share_user">0</s:key>
            <s:key name="can_write">1</s:key>
            <s:key name="modifiable">1</s:key>
            <s:key name="owner">nobody</s:key>
            <s:key name="perms">
              <s:dict>
                <s:key name="read">
                  <s:list>
                    <s:item>*</s:item>
                  </s:list>
                </s:key>
                <s:key name="write">
                  <s:list>
                    <s:item>admin</s:item>
                  </s:list>
                </s:key>
              </s:dict>
            </s:key>
            <s:key name="removable">0</s:key>
            <s:key name="sharing">system</s:key>
          </s:dict>
        </s:key>
        <s:key name="eai:appName">search</s:key>
        <s:key name="eai:userName">nobody</s:key>
        <s:key name="forceCsvResults">auto</s:key>
        <s:key name="hostname"/>
        <s:key name="inline">1</s:key>
        <s:key name="maxresults">10000</s:key>
        <s:key name="maxtime">5m</s:key>
        <s:key name="track_alert">0</s:key>
        <s:key name="ttl">120</s:key>
      </s:dict>
    </content>
  </entry>
  <entry>
    <title>summary_metric_index</title>
    <id>https://10.0.0.60:8089/servicesNS/nobody/system/alerts/alert_actions/summary_metric_index</id>
    <updated>1970-01-01T05:30:00+05:30</updated>
    <link href="/servicesNS/nobody/system/alerts/alert_actions/summary_metric_index" rel="alternate"/>
    <author>
      <name>nobody</name>
    </author>
    <link href="/servicesNS/nobody/system/alerts/alert_actions/summary_metric_index" rel="list"/>
    <link href="/servicesNS/nobody/system/alerts/alert_actions/summary_metric_index/_reload" rel="_reload"/>
    <link href="/servicesNS/nobody/system/alerts/alert_actions/summary_metric_index" rel="edit"/>
    <link href="/servicesNS/nobody/system/alerts/alert_actions/summary_metric_index/disable" rel="disable"/>
    <content type="text/xml">
      <s:dict>
        <s:key name="_name">summary</s:key>
        <s:key name="command"><![CDATA[mcollect spool=t index="$action.summary_index._name{required=yes}$" file="$name_hash$_$#random$.stash_new" name="$name$" marker="$action.summary_index*{format=$KEY=\\\"$VAL\\\", key_regex="action.summary_index.(?!(?:command|forceCsvResults|force_realtime_schedule|inline|maxresults|maxtime|python\\.version|ttl|track_alert|(?:_.*))$)(.*)"}$" split=allnums $action.summary_index._metric_dims$]]></s:key>
        <s:key name="disabled">0</s:key>
        <s:key name="eai:acl">
          <s:dict>
            <s:key name="app">system</s:key>
            <s:key name="can_change_perms">1</s:key>
            <s:key name="can_list">1</s:key>
            <s:key name="can_share_app">1</s:key>
            <s:key name="can_share_global">1</s:key>
            <s:key name="can_share_user">0</s:key>
            <s:key name="can_write">1</s:key>
            <s:key name="modifiable">1</s:key>
            <s:key name="owner">nobody</s:key>
            <s:key name="perms">
              <s:dict>
                <s:key name="read">
                  <s:list>
                    <s:item>*</s:item>
                  </s:list>
                </s:key>
                <s:key name="write">
                  <s:list>
                    <s:item>admin</s:item>
                  </s:list>
                </s:key>
              </s:dict>
            </s:key>
            <s:key name="removable">0</s:key>
            <s:key name="sharing">system</s:key>
          </s:dict>
        </s:key>
        <s:key name="eai:appName">search</s:key>
        <s:key name="eai:userName">nobody</s:key>
        <s:key name="forceCsvResults">auto</s:key>
        <s:key name="hostname"/>
        <s:key name="inline">1</s:key>
        <s:key name="maxresults">10000</s:key>
        <s:key name="maxtime">5m</s:key>
        <s:key name="track_alert">0</s:key>
        <s:key name="ttl">120</s:key>
      </s:dict>
    </content>
  </entry>
  <entry>
    <title>webhook</title>
    <id>https://10.0.0.60:8089/servicesNS/nobody/alert_webhook/alerts/alert_actions/webhook</id>
    <updated>1970-01-01T05:30:00+05:30</updated>
    <link href="/servicesNS/nobody/alert_webhook/alerts/alert_actions/webhook" rel="alternate"/>
    <author>
      <name>nobody</name>
    </author>
    <link href="/servicesNS/nobody/alert_webhook/alerts/alert_actions/webhook" rel="list"/>
    <link href="/servicesNS/nobody/alert_webhook/alerts/alert_actions/webhook/_reload" rel="_reload"/>
    <link href="/servicesNS/nobody/alert_webhook/alerts/alert_actions/webhook" rel="edit"/>
    <link href="/servicesNS/nobody/alert_webhook/alerts/alert_actions/webhook/disable" rel="disable"/>
    <content type="text/xml">
      <s:dict>
        <s:key name="command">sendalert $action_name$ results_file="$results.file$" results_link="$results.url$"</s:key>
        <s:key name="description">Generic HTTP POST to a specified URL</s:key>
        <s:key name="disabled">0</s:key>
        <s:key name="eai:acl">
          <s:dict>
            <s:key name="app">alert_webhook</s:key>
            <s:key name="can_change_perms">1</s:key>
            <s:key name="can_list">1</s:key>
            <s:key name="can_share_app">1</s:key>
            <s:key name="can_share_global">1</s:key>
            <s:key name="can_share_user">0</s:key>
            <s:key name="can_write">1</s:key>
            <s:key name="modifiable">1</s:key>
            <s:key name="owner">nobody</s:key>
            <s:key name="perms">
              <s:dict>
                <s:key name="read">
                  <s:list>
                    <s:item>*</s:item>
                  </s:list>
                </s:key>
                <s:key name="write">
                  <s:list>
                    <s:item>admin</s:item>
                    <s:item>power</s:item>
                  </s:list>
                </s:key>
              </s:dict>
            </s:key>
            <s:key name="removable">0</s:key>
            <s:key name="sharing">global</s:key>
          </s:dict>
        </s:key>
        <s:key name="eai:appName">search</s:key>
        <s:key name="eai:userName">nobody</s:key>
        <s:key name="forceCsvResults">auto</s:key>
        <s:key name="hostname"/>
        <s:key name="icon_path">webhook.png</s:key>
        <s:key name="is_custom">1</s:key>
        <s:key name="label">Webhook</s:key>
        <s:key name="maxresults">10000</s:key>
        <s:key name="maxtime">5m</s:key>
        <s:key name="param.user_agent">Splunk/$server.guid$</s:key>
        <s:key name="payload_format">json</s:key>
        <s:key name="python.version">python3</s:key>
        <s:key name="track_alert">0</s:key>
        <s:key name="ttl">10p</s:key>
      </s:dict>
    </content>
  </entry>
</feed>

18:23:57.810 skipping bootstrap configuration: could not find or read file: classpath:karate-config.js
18:23:57.810 [print] Basic cGFsbWV0b2FkbWluOlBAbG1ldG9AMTIz
18:23:57.841 request:
1 > GET https://10.0.0.60:8089/services/alerts/fired_alerts
1 > Accept-Encoding: gzip,deflate
1 > Authorization: Basic cGFsbWV0b2FkbWluOlBAbG1ldG9AMTIz
1 > Connection: Keep-Alive
1 > Host: 10.0.0.60:8089
1 > User-Agent: Apache-HttpClient/4.5.12 (Java/1.8.0_251)

18:23:58.029 response time in milliseconds: 180.01
1 < 200
1 < Cache-Control: no-store, no-cache, must-revalidate, max-age=0
1 < Connection: Keep-Alive
1 < Content-Type: text/xml; charset=UTF-8
1 < Date: Thu, 03 Jun 2021 12:54:31 GMT
1 < Expires: Thu, 26 Oct 1978 00:00:00 GMT
1 < Server: Splunkd
1 < Vary: Accept-Encoding, Cookie, Authorization
1 < X-Content-Type-Options: nosniff
1 < X-Frame-Options: SAMEORIGIN
<?xml version="1.0" encoding="UTF-8"?>
<!--This is to override browser formatting; see server.conf[httpServer] to disable. . . . . . . . . . . . . . . . . . . . . . . . . . . . . . . . . . . . . . . . . . . . . . . . . . . . . . . . . . . . . . . . . . . . . . . . . . . . . . . . . . . . . . . . . . . . . . . . . . . . . . . . . . . . . . . . . . . . . . . . . . . . . . . . . . . . . . . . . . . . . . . . . . . . . . . . . . . . . . . . . . . . . . . . . . . . . . . . . . . . . . . . . . . . . . . . . . . . . . . . . . . . . . . . . . . . . . . . . . . . . . . . . . . . . . . . . . . . . . . . . . . . . . . . . . . . . . . . . . . . . . . . . . . . . . . . . . . . . . . . . . . . . . . . . . . . . . . . . . . . . . . . . . . . . . . . . . . . . . . . . . . . . . . . . . . . . . . . . . . . . . . . . . . . . . . . . . . . . . . . . . . . . . . . . . . . . . . . . . . . . . . . . . . . . . . . . . . . . . . . . . . . . . . . . . . . . . . . . . . . . . . . . . . . . . . . . . . . . . . . . . . . . . . . . . . . . . . . . . . . . . . . . . . . . . . . .-->
<?xml-stylesheet type="text/xml" href="/static/atom.xsl"?>
<feed xmlns="http://www.w3.org/2005/Atom" xmlns:s="http://dev.splunk.com/ns/rest" xmlns:opensearch="http://a9.com/-/spec/opensearch/1.1/">
  <title>alerts</title>
  <id>https://10.0.0.60:8089/services/alerts/fired_alerts</id>
  <updated>2021-06-03T18:24:31+05:30</updated>
  <generator build="e053ef3c985f" version="8.2.0"/>
  <author>
    <name>Splunk</name>
  </author>
  <opensearch:totalResults>1</opensearch:totalResults>
  <opensearch:itemsPerPage>30</opensearch:itemsPerPage>
  <opensearch:startIndex>0</opensearch:startIndex>
  <s:messages/>
  <entry>
    <title>-</title>
    <id>https://10.0.0.60:8089/servicesNS/palmetoadmin/search/alerts/fired_alerts/-</id>
    <updated>1970-01-01T05:30:00+05:30</updated>
    <link href="/servicesNS/palmetoadmin/search/alerts/fired_alerts/-" rel="alternate"/>
    <author>
      <name>palmetoadmin</name>
    </author>
    <link href="/servicesNS/palmetoadmin/search/alerts/fired_alerts/-" rel="list"/>
    <content type="text/xml">
      <s:dict>
        <s:key name="eai:acl">
          <s:dict>
            <s:key name="app">search</s:key>
            <s:key name="can_list">1</s:key>
            <s:key name="can_write">1</s:key>
            <s:key name="modifiable">0</s:key>
            <s:key name="owner">palmetoadmin</s:key>
            <s:key name="perms">
              <s:dict>
                <s:key name="read">
                  <s:list>
                    <s:item>*</s:item>
                  </s:list>
                </s:key>
                <s:key name="write">
                  <s:list>
                    <s:item>*</s:item>
                  </s:list>
                </s:key>
              </s:dict>
            </s:key>
            <s:key name="removable">0</s:key>
            <s:key name="sharing">user</s:key>
          </s:dict>
        </s:key>
        <s:key name="triggered_alert_count">0</s:key>
      </s:dict>
    </content>
  </entry>
</feed>


18:23:58.045 [print] search
